DEB [20220415-19:11:38.305] thr=1   paramiko.transport: starting thread (client mode): 0xeebc4f70
DEB [20220415-19:11:38.305] thr=1   paramiko.transport: Local version/idstring: SSH-2.0-paramiko_2.7.2
DEB [20220415-19:11:38.307] thr=1   paramiko.transport: Remote version/idstring: SSH-2.0-OpenSSH_7.7
INF [20220415-19:11:38.308] thr=1   paramiko.transport: Connected (version 2.0, client OpenSSH_7.7)
DEB [20220415-19:11:38.309] thr=1   paramiko.transport: kex algos:['curve25519-sha256', 'curve25519-sha256@libssh.org', 'ecdh-sha2-nistp256', 'ecdh-sha2-nistp384', 'ecdh-sha2-nistp521', 'diffie-hellman-group-exchange-sha256', 'diffie-hellman-group16-sha512', 'diffie-hellman-group18-sha512', 'diffie-hellman-group14-sha256', 'diffie-hellman-group14-sha1'] server key:['ssh-rsa', 'rsa-sha2-512', 'rsa-sha2-256', 'ecdsa-sha2-nistp256', 'ssh-ed25519'] client encrypt:['chacha20-poly1305@openssh.com', 'aes128-ctr', 'aes192-ctr', 'aes256-ctr', 'aes128-gcm@openssh.com', 'aes256-gcm@openssh.com'] server encrypt:['chacha20-poly1305@openssh.com', 'aes128-ctr', 'aes192-ctr', 'aes256-ctr', 'aes128-gcm@openssh.com', 'aes256-gcm@openssh.com'] client mac:['umac-64-etm@openssh.com', 'umac-128-etm@openssh.com', 'hmac-sha2-256-etm@openssh.com', 'hmac-sha2-512-etm@openssh.com', 'hmac-sha1-etm@openssh.com', 'umac-64@openssh.com', 'umac-128@openssh.com', 'hmac-sha2-256', 'hmac-sha2-512', 'hmac-sha1'] server mac:['umac-64-etm@openssh.com', 'umac-128-etm@openssh.com', 'hmac-sha2-256-etm@openssh.com', 'hmac-sha2-512-etm@openssh.com', 'hmac-sha1-etm@openssh.com', 'umac-64@openssh.com', 'umac-128@openssh.com', 'hmac-sha2-256', 'hmac-sha2-512', 'hmac-sha1'] client compress:['none', 'zlib@openssh.com'] server compress:['none', 'zlib@openssh.com'] client lang:[''] server lang:[''] kex follows?False
DEB [20220415-19:11:38.324] thr=1   paramiko.transport: Kex agreed: curve25519-sha256@libssh.org
DEB [20220415-19:11:38.325] thr=1   paramiko.transport: HostKey agreed: ssh-ed25519
DEB [20220415-19:11:38.325] thr=1   paramiko.transport: Cipher agreed: aes128-ctr
DEB [20220415-19:11:38.325] thr=1   paramiko.transport: MAC agreed: hmac-sha2-256
DEB [20220415-19:11:38.325] thr=1   paramiko.transport: Compression agreed: none
DEB [20220415-19:11:38.331] thr=1   paramiko.transport: kex engine KexCurve25519 specified hash_algo <built-in function openssl_sha256>
DEB [20220415-19:11:38.335] thr=1   paramiko.transport: Switch to new keys ...
DEB [20220415-19:11:38.335] thr=2   paramiko.transport: Attempting password auth...
DEB [20220415-19:11:38.375] thr=1   paramiko.transport: userauth is OK
INF [20220415-19:11:38.380] thr=1   paramiko.transport: Authentication (password) successful!
DEB [20220415-19:11:38.382] thr=3   paramiko.transport: starting thread (client mode): 0xf10e1ca0
DEB [20220415-19:11:38.382] thr=3   paramiko.transport: Local version/idstring: SSH-2.0-paramiko_2.7.2
DEB [20220415-19:11:38.384] thr=3   paramiko.transport: Remote version/idstring: SSH-2.0-OpenSSH_7.7
INF [20220415-19:11:38.384] thr=3   paramiko.transport: Connected (version 2.0, client OpenSSH_7.7)
DEB [20220415-19:11:38.385] thr=3   paramiko.transport: kex algos:['curve25519-sha256', 'curve25519-sha256@libssh.org', 'ecdh-sha2-nistp256', 'ecdh-sha2-nistp384', 'ecdh-sha2-nistp521', 'diffie-hellman-group-exchange-sha256', 'diffie-hellman-group16-sha512', 'diffie-hellman-group18-sha512', 'diffie-hellman-group14-sha256', 'diffie-hellman-group14-sha1'] server key:['ssh-rsa', 'rsa-sha2-512', 'rsa-sha2-256', 'ecdsa-sha2-nistp256', 'ssh-ed25519'] client encrypt:['chacha20-poly1305@openssh.com', 'aes128-ctr', 'aes192-ctr', 'aes256-ctr', 'aes128-gcm@openssh.com', 'aes256-gcm@openssh.com'] server encrypt:['chacha20-poly1305@openssh.com', 'aes128-ctr', 'aes192-ctr', 'aes256-ctr', 'aes128-gcm@openssh.com', 'aes256-gcm@openssh.com'] client mac:['umac-64-etm@openssh.com', 'umac-128-etm@openssh.com', 'hmac-sha2-256-etm@openssh.com', 'hmac-sha2-512-etm@openssh.com', 'hmac-sha1-etm@openssh.com', 'umac-64@openssh.com', 'umac-128@openssh.com', 'hmac-sha2-256', 'hmac-sha2-512', 'hmac-sha1'] server mac:['umac-64-etm@openssh.com', 'umac-128-etm@openssh.com', 'hmac-sha2-256-etm@openssh.com', 'hmac-sha2-512-etm@openssh.com', 'hmac-sha1-etm@openssh.com', 'umac-64@openssh.com', 'umac-128@openssh.com', 'hmac-sha2-256', 'hmac-sha2-512', 'hmac-sha1'] client compress:['none', 'zlib@openssh.com'] server compress:['none', 'zlib@openssh.com'] client lang:[''] server lang:[''] kex follows?False
DEB [20220415-19:11:38.385] thr=3   paramiko.transport: Kex agreed: curve25519-sha256@libssh.org
DEB [20220415-19:11:38.385] thr=3   paramiko.transport: HostKey agreed: ssh-ed25519
DEB [20220415-19:11:38.385] thr=3   paramiko.transport: Cipher agreed: aes128-ctr
DEB [20220415-19:11:38.385] thr=3   paramiko.transport: MAC agreed: hmac-sha2-256
DEB [20220415-19:11:38.385] thr=3   paramiko.transport: Compression agreed: none
DEB [20220415-19:11:38.391] thr=3   paramiko.transport: kex engine KexCurve25519 specified hash_algo <built-in function openssl_sha256>
DEB [20220415-19:11:38.392] thr=3   paramiko.transport: Switch to new keys ...
DEB [20220415-19:11:38.392] thr=2   paramiko.transport: Adding ssh-ed25519 host key for 192.168.64.130: b'e3af0aca1241af066058734df9bdeaa8'
DEB [20220415-19:11:38.424] thr=1   paramiko.transport: Received global request "hostkeys-00@openssh.com"
DEB [20220415-19:11:38.424] thr=1   paramiko.transport: Rejecting "hostkeys-00@openssh.com" global request from server.
DEB [20220415-19:11:38.523] thr=3   paramiko.transport: userauth is OK
INF [20220415-19:11:38.527] thr=3   paramiko.transport: Authentication (password) successful!
DEB [20220415-19:11:38.527] thr=2   paramiko.transport: [chan 0] Max packet in: 32768 bytes
DEB [20220415-19:11:38.528] thr=3   paramiko.transport: Received global request "hostkeys-00@openssh.com"
DEB [20220415-19:11:38.528] thr=3   paramiko.transport: Rejecting "hostkeys-00@openssh.com" global request from server.
DEB [20220415-19:11:38.581] thr=3   paramiko.transport: [chan 0] Max packet out: 32768 bytes
DEB [20220415-19:11:38.581] thr=3   paramiko.transport: Secsh channel 0 opened.
DEB [20220415-19:11:38.583] thr=3   paramiko.transport: [chan 0] Sesch channel 0 request ok
DEB [20220415-19:11:38.584] thr=3   paramiko.transport: [chan 0] EOF received (0)
DEB [20220415-19:11:38.585] thr=3   paramiko.transport: [chan 0] EOF sent (0)
DEB [20220415-19:11:38.596] thr=1   paramiko.transport: EOF in transport thread
DEB [20220415-19:11:38.596] thr=3   paramiko.transport: EOF in transport thread
DEB [20220415-19:11:44.911] thr=1   paramiko.transport: starting thread (client mode): 0x99eb4f40
DEB [20220415-19:11:44.912] thr=1   paramiko.transport: Local version/idstring: SSH-2.0-paramiko_2.7.2
DEB [20220415-19:11:44.913] thr=1   paramiko.transport: Remote version/idstring: SSH-2.0-OpenSSH_7.7
INF [20220415-19:11:44.913] thr=1   paramiko.transport: Connected (version 2.0, client OpenSSH_7.7)
DEB [20220415-19:11:44.914] thr=1   paramiko.transport: kex algos:['curve25519-sha256', 'curve25519-sha256@libssh.org', 'ecdh-sha2-nistp256', 'ecdh-sha2-nistp384', 'ecdh-sha2-nistp521', 'diffie-hellman-group-exchange-sha256', 'diffie-hellman-group16-sha512', 'diffie-hellman-group18-sha512', 'diffie-hellman-group14-sha256', 'diffie-hellman-group14-sha1'] server key:['ssh-rsa', 'rsa-sha2-512', 'rsa-sha2-256', 'ecdsa-sha2-nistp256', 'ssh-ed25519'] client encrypt:['chacha20-poly1305@openssh.com', 'aes128-ctr', 'aes192-ctr', 'aes256-ctr', 'aes128-gcm@openssh.com', 'aes256-gcm@openssh.com'] server encrypt:['chacha20-poly1305@openssh.com', 'aes128-ctr', 'aes192-ctr', 'aes256-ctr', 'aes128-gcm@openssh.com', 'aes256-gcm@openssh.com'] client mac:['umac-64-etm@openssh.com', 'umac-128-etm@openssh.com', 'hmac-sha2-256-etm@openssh.com', 'hmac-sha2-512-etm@openssh.com', 'hmac-sha1-etm@openssh.com', 'umac-64@openssh.com', 'umac-128@openssh.com', 'hmac-sha2-256', 'hmac-sha2-512', 'hmac-sha1'] server mac:['umac-64-etm@openssh.com', 'umac-128-etm@openssh.com', 'hmac-sha2-256-etm@openssh.com', 'hmac-sha2-512-etm@openssh.com', 'hmac-sha1-etm@openssh.com', 'umac-64@openssh.com', 'umac-128@openssh.com', 'hmac-sha2-256', 'hmac-sha2-512', 'hmac-sha1'] client compress:['none', 'zlib@openssh.com'] server compress:['none', 'zlib@openssh.com'] client lang:[''] server lang:[''] kex follows?False
DEB [20220415-19:11:44.914] thr=1   paramiko.transport: Kex agreed: curve25519-sha256@libssh.org
DEB [20220415-19:11:44.914] thr=1   paramiko.transport: HostKey agreed: ssh-ed25519
DEB [20220415-19:11:44.914] thr=1   paramiko.transport: Cipher agreed: aes128-ctr
DEB [20220415-19:11:44.914] thr=1   paramiko.transport: MAC agreed: hmac-sha2-256
DEB [20220415-19:11:44.914] thr=1   paramiko.transport: Compression agreed: none
DEB [20220415-19:11:44.927] thr=1   paramiko.transport: kex engine KexCurve25519 specified hash_algo <built-in function openssl_sha256>
DEB [20220415-19:11:44.932] thr=1   paramiko.transport: Switch to new keys ...
DEB [20220415-19:11:44.933] thr=2   paramiko.transport: Attempting password auth...
DEB [20220415-19:11:44.971] thr=1   paramiko.transport: userauth is OK
INF [20220415-19:11:44.979] thr=1   paramiko.transport: Authentication (password) successful!
DEB [20220415-19:11:44.984] thr=3   paramiko.transport: starting thread (client mode): 0x9c3b1cd0
DEB [20220415-19:11:44.984] thr=3   paramiko.transport: Local version/idstring: SSH-2.0-paramiko_2.7.2
DEB [20220415-19:11:44.988] thr=3   paramiko.transport: Remote version/idstring: SSH-2.0-OpenSSH_7.7
INF [20220415-19:11:44.989] thr=3   paramiko.transport: Connected (version 2.0, client OpenSSH_7.7)
DEB [20220415-19:11:44.990] thr=3   paramiko.transport: kex algos:['curve25519-sha256', 'curve25519-sha256@libssh.org', 'ecdh-sha2-nistp256', 'ecdh-sha2-nistp384', 'ecdh-sha2-nistp521', 'diffie-hellman-group-exchange-sha256', 'diffie-hellman-group16-sha512', 'diffie-hellman-group18-sha512', 'diffie-hellman-group14-sha256', 'diffie-hellman-group14-sha1'] server key:['ssh-rsa', 'rsa-sha2-512', 'rsa-sha2-256', 'ecdsa-sha2-nistp256', 'ssh-ed25519'] client encrypt:['chacha20-poly1305@openssh.com', 'aes128-ctr', 'aes192-ctr', 'aes256-ctr', 'aes128-gcm@openssh.com', 'aes256-gcm@openssh.com'] server encrypt:['chacha20-poly1305@openssh.com', 'aes128-ctr', 'aes192-ctr', 'aes256-ctr', 'aes128-gcm@openssh.com', 'aes256-gcm@openssh.com'] client mac:['umac-64-etm@openssh.com', 'umac-128-etm@openssh.com', 'hmac-sha2-256-etm@openssh.com', 'hmac-sha2-512-etm@openssh.com', 'hmac-sha1-etm@openssh.com', 'umac-64@openssh.com', 'umac-128@openssh.com', 'hmac-sha2-256', 'hmac-sha2-512', 'hmac-sha1'] server mac:['umac-64-etm@openssh.com', 'umac-128-etm@openssh.com', 'hmac-sha2-256-etm@openssh.com', 'hmac-sha2-512-etm@openssh.com', 'hmac-sha1-etm@openssh.com', 'umac-64@openssh.com', 'umac-128@openssh.com', 'hmac-sha2-256', 'hmac-sha2-512', 'hmac-sha1'] client compress:['none', 'zlib@openssh.com'] server compress:['none', 'zlib@openssh.com'] client lang:[''] server lang:[''] kex follows?False
DEB [20220415-19:11:44.990] thr=3   paramiko.transport: Kex agreed: curve25519-sha256@libssh.org
DEB [20220415-19:11:44.990] thr=3   paramiko.transport: HostKey agreed: ssh-ed25519
DEB [20220415-19:11:44.990] thr=3   paramiko.transport: Cipher agreed: aes128-ctr
DEB [20220415-19:11:44.990] thr=3   paramiko.transport: MAC agreed: hmac-sha2-256
DEB [20220415-19:11:44.990] thr=3   paramiko.transport: Compression agreed: none
DEB [20220415-19:11:44.998] thr=3   paramiko.transport: kex engine KexCurve25519 specified hash_algo <built-in function openssl_sha256>
DEB [20220415-19:11:44.998] thr=3   paramiko.transport: Switch to new keys ...
DEB [20220415-19:11:44.999] thr=2   paramiko.transport: Adding ssh-ed25519 host key for 192.168.64.130: b'e3af0aca1241af066058734df9bdeaa8'
DEB [20220415-19:11:45.030] thr=1   paramiko.transport: Received global request "hostkeys-00@openssh.com"
DEB [20220415-19:11:45.030] thr=1   paramiko.transport: Rejecting "hostkeys-00@openssh.com" global request from server.
DEB [20220415-19:11:45.129] thr=3   paramiko.transport: userauth is OK
INF [20220415-19:11:45.134] thr=3   paramiko.transport: Authentication (password) successful!
DEB [20220415-19:11:45.136] thr=2   paramiko.transport: [chan 0] Max packet in: 32768 bytes
DEB [20220415-19:11:45.138] thr=3   paramiko.transport: Received global request "hostkeys-00@openssh.com"
DEB [20220415-19:11:45.138] thr=3   paramiko.transport: Rejecting "hostkeys-00@openssh.com" global request from server.
DEB [20220415-19:11:45.190] thr=3   paramiko.transport: [chan 0] Max packet out: 32768 bytes
DEB [20220415-19:11:45.190] thr=3   paramiko.transport: Secsh channel 0 opened.
DEB [20220415-19:11:45.191] thr=3   paramiko.transport: [chan 0] Sesch channel 0 request ok
DEB [20220415-19:11:45.193] thr=3   paramiko.transport: [chan 0] EOF received (0)
DEB [20220415-19:11:45.193] thr=3   paramiko.transport: [chan 0] EOF sent (0)
DEB [20220415-19:11:45.208] thr=1   paramiko.transport: EOF in transport thread
DEB [20220415-19:11:45.208] thr=3   paramiko.transport: EOF in transport thread
DEB [20220415-19:25:28.505] thr=1   paramiko.transport: starting thread (client mode): 0xf6774f40
DEB [20220415-19:25:28.506] thr=1   paramiko.transport: Local version/idstring: SSH-2.0-paramiko_2.7.2
DEB [20220415-19:25:28.508] thr=1   paramiko.transport: Remote version/idstring: SSH-2.0-OpenSSH_7.7
INF [20220415-19:25:28.508] thr=1   paramiko.transport: Connected (version 2.0, client OpenSSH_7.7)
DEB [20220415-19:25:28.509] thr=1   paramiko.transport: kex algos:['curve25519-sha256', 'curve25519-sha256@libssh.org', 'ecdh-sha2-nistp256', 'ecdh-sha2-nistp384', 'ecdh-sha2-nistp521', 'diffie-hellman-group-exchange-sha256', 'diffie-hellman-group16-sha512', 'diffie-hellman-group18-sha512', 'diffie-hellman-group14-sha256', 'diffie-hellman-group14-sha1'] server key:['ssh-rsa', 'rsa-sha2-512', 'rsa-sha2-256', 'ecdsa-sha2-nistp256', 'ssh-ed25519'] client encrypt:['chacha20-poly1305@openssh.com', 'aes128-ctr', 'aes192-ctr', 'aes256-ctr', 'aes128-gcm@openssh.com', 'aes256-gcm@openssh.com'] server encrypt:['chacha20-poly1305@openssh.com', 'aes128-ctr', 'aes192-ctr', 'aes256-ctr', 'aes128-gcm@openssh.com', 'aes256-gcm@openssh.com'] client mac:['umac-64-etm@openssh.com', 'umac-128-etm@openssh.com', 'hmac-sha2-256-etm@openssh.com', 'hmac-sha2-512-etm@openssh.com', 'hmac-sha1-etm@openssh.com', 'umac-64@openssh.com', 'umac-128@openssh.com', 'hmac-sha2-256', 'hmac-sha2-512', 'hmac-sha1'] server mac:['umac-64-etm@openssh.com', 'umac-128-etm@openssh.com', 'hmac-sha2-256-etm@openssh.com', 'hmac-sha2-512-etm@openssh.com', 'hmac-sha1-etm@openssh.com', 'umac-64@openssh.com', 'umac-128@openssh.com', 'hmac-sha2-256', 'hmac-sha2-512', 'hmac-sha1'] client compress:['none', 'zlib@openssh.com'] server compress:['none', 'zlib@openssh.com'] client lang:[''] server lang:[''] kex follows?False
DEB [20220415-19:25:28.509] thr=1   paramiko.transport: Kex agreed: curve25519-sha256@libssh.org
DEB [20220415-19:25:28.509] thr=1   paramiko.transport: HostKey agreed: ssh-ed25519
DEB [20220415-19:25:28.509] thr=1   paramiko.transport: Cipher agreed: aes128-ctr
DEB [20220415-19:25:28.509] thr=1   paramiko.transport: MAC agreed: hmac-sha2-256
DEB [20220415-19:25:28.509] thr=1   paramiko.transport: Compression agreed: none
DEB [20220415-19:25:28.521] thr=1   paramiko.transport: kex engine KexCurve25519 specified hash_algo <built-in function openssl_sha256>
DEB [20220415-19:25:28.530] thr=1   paramiko.transport: Switch to new keys ...
DEB [20220415-19:25:28.531] thr=2   paramiko.transport: Attempting password auth...
DEB [20220415-19:25:28.569] thr=1   paramiko.transport: userauth is OK
INF [20220415-19:25:28.577] thr=1   paramiko.transport: Authentication (password) successful!
DEB [20220415-19:25:28.581] thr=3   paramiko.transport: starting thread (client mode): 0xf8c6bfa0
DEB [20220415-19:25:28.581] thr=3   paramiko.transport: Local version/idstring: SSH-2.0-paramiko_2.7.2
DEB [20220415-19:25:28.586] thr=3   paramiko.transport: Remote version/idstring: SSH-2.0-OpenSSH_7.7
INF [20220415-19:25:28.586] thr=3   paramiko.transport: Connected (version 2.0, client OpenSSH_7.7)
DEB [20220415-19:25:28.588] thr=3   paramiko.transport: kex algos:['curve25519-sha256', 'curve25519-sha256@libssh.org', 'ecdh-sha2-nistp256', 'ecdh-sha2-nistp384', 'ecdh-sha2-nistp521', 'diffie-hellman-group-exchange-sha256', 'diffie-hellman-group16-sha512', 'diffie-hellman-group18-sha512', 'diffie-hellman-group14-sha256', 'diffie-hellman-group14-sha1'] server key:['ssh-rsa', 'rsa-sha2-512', 'rsa-sha2-256', 'ecdsa-sha2-nistp256', 'ssh-ed25519'] client encrypt:['chacha20-poly1305@openssh.com', 'aes128-ctr', 'aes192-ctr', 'aes256-ctr', 'aes128-gcm@openssh.com', 'aes256-gcm@openssh.com'] server encrypt:['chacha20-poly1305@openssh.com', 'aes128-ctr', 'aes192-ctr', 'aes256-ctr', 'aes128-gcm@openssh.com', 'aes256-gcm@openssh.com'] client mac:['umac-64-etm@openssh.com', 'umac-128-etm@openssh.com', 'hmac-sha2-256-etm@openssh.com', 'hmac-sha2-512-etm@openssh.com', 'hmac-sha1-etm@openssh.com', 'umac-64@openssh.com', 'umac-128@openssh.com', 'hmac-sha2-256', 'hmac-sha2-512', 'hmac-sha1'] server mac:['umac-64-etm@openssh.com', 'umac-128-etm@openssh.com', 'hmac-sha2-256-etm@openssh.com', 'hmac-sha2-512-etm@openssh.com', 'hmac-sha1-etm@openssh.com', 'umac-64@openssh.com', 'umac-128@openssh.com', 'hmac-sha2-256', 'hmac-sha2-512', 'hmac-sha1'] client compress:['none', 'zlib@openssh.com'] server compress:['none', 'zlib@openssh.com'] client lang:[''] server lang:[''] kex follows?False
DEB [20220415-19:25:28.589] thr=3   paramiko.transport: Kex agreed: curve25519-sha256@libssh.org
DEB [20220415-19:25:28.589] thr=3   paramiko.transport: HostKey agreed: ssh-ed25519
DEB [20220415-19:25:28.589] thr=3   paramiko.transport: Cipher agreed: aes128-ctr
DEB [20220415-19:25:28.589] thr=3   paramiko.transport: MAC agreed: hmac-sha2-256
DEB [20220415-19:25:28.590] thr=3   paramiko.transport: Compression agreed: none
DEB [20220415-19:25:28.598] thr=3   paramiko.transport: kex engine KexCurve25519 specified hash_algo <built-in function openssl_sha256>
DEB [20220415-19:25:28.598] thr=3   paramiko.transport: Switch to new keys ...
DEB [20220415-19:25:28.598] thr=2   paramiko.transport: Adding ssh-ed25519 host key for 192.168.64.130: b'e3af0aca1241af066058734df9bdeaa8'
DEB [20220415-19:25:28.624] thr=1   paramiko.transport: Received global request "hostkeys-00@openssh.com"
DEB [20220415-19:25:28.624] thr=1   paramiko.transport: Rejecting "hostkeys-00@openssh.com" global request from server.
DEB [20220415-19:25:28.732] thr=3   paramiko.transport: userauth is OK
INF [20220415-19:25:28.736] thr=3   paramiko.transport: Authentication (password) successful!
DEB [20220415-19:25:28.736] thr=2   paramiko.transport: [chan 0] Max packet in: 32768 bytes
DEB [20220415-19:25:28.737] thr=3   paramiko.transport: Received global request "hostkeys-00@openssh.com"
DEB [20220415-19:25:28.737] thr=3   paramiko.transport: Rejecting "hostkeys-00@openssh.com" global request from server.
DEB [20220415-19:25:28.781] thr=3   paramiko.transport: [chan 0] Max packet out: 32768 bytes
DEB [20220415-19:25:28.781] thr=3   paramiko.transport: Secsh channel 0 opened.
DEB [20220415-19:25:28.783] thr=3   paramiko.transport: [chan 0] Sesch channel 0 request ok
DEB [20220415-19:25:28.784] thr=3   paramiko.transport: [chan 0] EOF received (0)
DEB [20220415-19:25:28.784] thr=3   paramiko.transport: [chan 0] EOF sent (0)
DEB [20220415-19:25:35.643] thr=1   paramiko.transport: EOF in transport thread
DEB [20220415-19:25:35.643] thr=3   paramiko.transport: EOF in transport thread
DEB [20220415-19:25:54.591] thr=1   paramiko.transport: starting thread (client mode): 0xafdf5040
DEB [20220415-19:25:54.592] thr=1   paramiko.transport: Local version/idstring: SSH-2.0-paramiko_2.7.2
DEB [20220415-19:25:54.594] thr=1   paramiko.transport: Remote version/idstring: SSH-2.0-OpenSSH_7.7
INF [20220415-19:25:54.594] thr=1   paramiko.transport: Connected (version 2.0, client OpenSSH_7.7)
DEB [20220415-19:25:54.595] thr=1   paramiko.transport: kex algos:['curve25519-sha256', 'curve25519-sha256@libssh.org', 'ecdh-sha2-nistp256', 'ecdh-sha2-nistp384', 'ecdh-sha2-nistp521', 'diffie-hellman-group-exchange-sha256', 'diffie-hellman-group16-sha512', 'diffie-hellman-group18-sha512', 'diffie-hellman-group14-sha256', 'diffie-hellman-group14-sha1'] server key:['ssh-rsa', 'rsa-sha2-512', 'rsa-sha2-256', 'ecdsa-sha2-nistp256', 'ssh-ed25519'] client encrypt:['chacha20-poly1305@openssh.com', 'aes128-ctr', 'aes192-ctr', 'aes256-ctr', 'aes128-gcm@openssh.com', 'aes256-gcm@openssh.com'] server encrypt:['chacha20-poly1305@openssh.com', 'aes128-ctr', 'aes192-ctr', 'aes256-ctr', 'aes128-gcm@openssh.com', 'aes256-gcm@openssh.com'] client mac:['umac-64-etm@openssh.com', 'umac-128-etm@openssh.com', 'hmac-sha2-256-etm@openssh.com', 'hmac-sha2-512-etm@openssh.com', 'hmac-sha1-etm@openssh.com', 'umac-64@openssh.com', 'umac-128@openssh.com', 'hmac-sha2-256', 'hmac-sha2-512', 'hmac-sha1'] server mac:['umac-64-etm@openssh.com', 'umac-128-etm@openssh.com', 'hmac-sha2-256-etm@openssh.com', 'hmac-sha2-512-etm@openssh.com', 'hmac-sha1-etm@openssh.com', 'umac-64@openssh.com', 'umac-128@openssh.com', 'hmac-sha2-256', 'hmac-sha2-512', 'hmac-sha1'] client compress:['none', 'zlib@openssh.com'] server compress:['none', 'zlib@openssh.com'] client lang:[''] server lang:[''] kex follows?False
DEB [20220415-19:25:54.595] thr=1   paramiko.transport: Kex agreed: curve25519-sha256@libssh.org
DEB [20220415-19:25:54.595] thr=1   paramiko.transport: HostKey agreed: ssh-ed25519
DEB [20220415-19:25:54.595] thr=1   paramiko.transport: Cipher agreed: aes128-ctr
DEB [20220415-19:25:54.596] thr=1   paramiko.transport: MAC agreed: hmac-sha2-256
DEB [20220415-19:25:54.596] thr=1   paramiko.transport: Compression agreed: none
DEB [20220415-19:25:54.608] thr=1   paramiko.transport: kex engine KexCurve25519 specified hash_algo <built-in function openssl_sha256>
DEB [20220415-19:25:54.609] thr=1   paramiko.transport: Switch to new keys ...
DEB [20220415-19:25:54.610] thr=2   paramiko.transport: Attempting password auth...
DEB [20220415-19:25:54.656] thr=1   paramiko.transport: userauth is OK
INF [20220415-19:25:54.670] thr=1   paramiko.transport: Authentication (password) successful!
DEB [20220415-19:25:54.674] thr=3   paramiko.transport: starting thread (client mode): 0xb230bf40
DEB [20220415-19:25:54.675] thr=3   paramiko.transport: Local version/idstring: SSH-2.0-paramiko_2.7.2
DEB [20220415-19:25:54.683] thr=3   paramiko.transport: Remote version/idstring: SSH-2.0-OpenSSH_7.7
INF [20220415-19:25:54.684] thr=3   paramiko.transport: Connected (version 2.0, client OpenSSH_7.7)
DEB [20220415-19:25:54.686] thr=3   paramiko.transport: kex algos:['curve25519-sha256', 'curve25519-sha256@libssh.org', 'ecdh-sha2-nistp256', 'ecdh-sha2-nistp384', 'ecdh-sha2-nistp521', 'diffie-hellman-group-exchange-sha256', 'diffie-hellman-group16-sha512', 'diffie-hellman-group18-sha512', 'diffie-hellman-group14-sha256', 'diffie-hellman-group14-sha1'] server key:['ssh-rsa', 'rsa-sha2-512', 'rsa-sha2-256', 'ecdsa-sha2-nistp256', 'ssh-ed25519'] client encrypt:['chacha20-poly1305@openssh.com', 'aes128-ctr', 'aes192-ctr', 'aes256-ctr', 'aes128-gcm@openssh.com', 'aes256-gcm@openssh.com'] server encrypt:['chacha20-poly1305@openssh.com', 'aes128-ctr', 'aes192-ctr', 'aes256-ctr', 'aes128-gcm@openssh.com', 'aes256-gcm@openssh.com'] client mac:['umac-64-etm@openssh.com', 'umac-128-etm@openssh.com', 'hmac-sha2-256-etm@openssh.com', 'hmac-sha2-512-etm@openssh.com', 'hmac-sha1-etm@openssh.com', 'umac-64@openssh.com', 'umac-128@openssh.com', 'hmac-sha2-256', 'hmac-sha2-512', 'hmac-sha1'] server mac:['umac-64-etm@openssh.com', 'umac-128-etm@openssh.com', 'hmac-sha2-256-etm@openssh.com', 'hmac-sha2-512-etm@openssh.com', 'hmac-sha1-etm@openssh.com', 'umac-64@openssh.com', 'umac-128@openssh.com', 'hmac-sha2-256', 'hmac-sha2-512', 'hmac-sha1'] client compress:['none', 'zlib@openssh.com'] server compress:['none', 'zlib@openssh.com'] client lang:[''] server lang:[''] kex follows?False
DEB [20220415-19:25:54.686] thr=3   paramiko.transport: Kex agreed: curve25519-sha256@libssh.org
DEB [20220415-19:25:54.686] thr=3   paramiko.transport: HostKey agreed: ssh-ed25519
DEB [20220415-19:25:54.686] thr=3   paramiko.transport: Cipher agreed: aes128-ctr
DEB [20220415-19:25:54.686] thr=3   paramiko.transport: MAC agreed: hmac-sha2-256
DEB [20220415-19:25:54.686] thr=3   paramiko.transport: Compression agreed: none
DEB [20220415-19:25:54.697] thr=3   paramiko.transport: kex engine KexCurve25519 specified hash_algo <built-in function openssl_sha256>
DEB [20220415-19:25:54.698] thr=3   paramiko.transport: Switch to new keys ...
DEB [20220415-19:25:54.699] thr=2   paramiko.transport: Adding ssh-ed25519 host key for 192.168.64.130: b'e3af0aca1241af066058734df9bdeaa8'
DEB [20220415-19:25:54.720] thr=1   paramiko.transport: Received global request "hostkeys-00@openssh.com"
DEB [20220415-19:25:54.720] thr=1   paramiko.transport: Rejecting "hostkeys-00@openssh.com" global request from server.
DEB [20220415-19:25:54.843] thr=3   paramiko.transport: userauth is OK
INF [20220415-19:25:54.849] thr=3   paramiko.transport: Authentication (password) successful!
DEB [20220415-19:25:54.851] thr=2   paramiko.transport: [chan 0] Max packet in: 32768 bytes
DEB [20220415-19:25:54.851] thr=3   paramiko.transport: Received global request "hostkeys-00@openssh.com"
DEB [20220415-19:25:54.852] thr=3   paramiko.transport: Rejecting "hostkeys-00@openssh.com" global request from server.
DEB [20220415-19:25:54.891] thr=3   paramiko.transport: [chan 0] Max packet out: 32768 bytes
DEB [20220415-19:25:54.892] thr=3   paramiko.transport: Secsh channel 0 opened.
DEB [20220415-19:25:54.893] thr=3   paramiko.transport: [chan 0] Sesch channel 0 request ok
DEB [20220415-19:25:54.896] thr=3   paramiko.transport: [chan 0] EOF received (0)
DEB [20220415-19:25:54.898] thr=3   paramiko.transport: [chan 0] EOF sent (0)
DEB [20220415-19:25:54.899] thr=1   paramiko.transport: EOF in transport thread
DEB [20220415-19:26:12.051] thr=1   paramiko.transport: starting thread (client mode): 0xe5d35040
DEB [20220415-19:26:12.052] thr=1   paramiko.transport: Local version/idstring: SSH-2.0-paramiko_2.7.2
DEB [20220415-19:26:12.054] thr=1   paramiko.transport: Remote version/idstring: SSH-2.0-OpenSSH_7.7
INF [20220415-19:26:12.054] thr=1   paramiko.transport: Connected (version 2.0, client OpenSSH_7.7)
DEB [20220415-19:26:12.055] thr=1   paramiko.transport: kex algos:['curve25519-sha256', 'curve25519-sha256@libssh.org', 'ecdh-sha2-nistp256', 'ecdh-sha2-nistp384', 'ecdh-sha2-nistp521', 'diffie-hellman-group-exchange-sha256', 'diffie-hellman-group16-sha512', 'diffie-hellman-group18-sha512', 'diffie-hellman-group14-sha256', 'diffie-hellman-group14-sha1'] server key:['ssh-rsa', 'rsa-sha2-512', 'rsa-sha2-256', 'ecdsa-sha2-nistp256', 'ssh-ed25519'] client encrypt:['chacha20-poly1305@openssh.com', 'aes128-ctr', 'aes192-ctr', 'aes256-ctr', 'aes128-gcm@openssh.com', 'aes256-gcm@openssh.com'] server encrypt:['chacha20-poly1305@openssh.com', 'aes128-ctr', 'aes192-ctr', 'aes256-ctr', 'aes128-gcm@openssh.com', 'aes256-gcm@openssh.com'] client mac:['umac-64-etm@openssh.com', 'umac-128-etm@openssh.com', 'hmac-sha2-256-etm@openssh.com', 'hmac-sha2-512-etm@openssh.com', 'hmac-sha1-etm@openssh.com', 'umac-64@openssh.com', 'umac-128@openssh.com', 'hmac-sha2-256', 'hmac-sha2-512', 'hmac-sha1'] server mac:['umac-64-etm@openssh.com', 'umac-128-etm@openssh.com', 'hmac-sha2-256-etm@openssh.com', 'hmac-sha2-512-etm@openssh.com', 'hmac-sha1-etm@openssh.com', 'umac-64@openssh.com', 'umac-128@openssh.com', 'hmac-sha2-256', 'hmac-sha2-512', 'hmac-sha1'] client compress:['none', 'zlib@openssh.com'] server compress:['none', 'zlib@openssh.com'] client lang:[''] server lang:[''] kex follows?False
DEB [20220415-19:26:12.055] thr=1   paramiko.transport: Kex agreed: curve25519-sha256@libssh.org
DEB [20220415-19:26:12.055] thr=1   paramiko.transport: HostKey agreed: ssh-ed25519
DEB [20220415-19:26:12.055] thr=1   paramiko.transport: Cipher agreed: aes128-ctr
DEB [20220415-19:26:12.055] thr=1   paramiko.transport: MAC agreed: hmac-sha2-256
DEB [20220415-19:26:12.055] thr=1   paramiko.transport: Compression agreed: none
DEB [20220415-19:26:12.065] thr=1   paramiko.transport: kex engine KexCurve25519 specified hash_algo <built-in function openssl_sha256>
DEB [20220415-19:26:12.072] thr=1   paramiko.transport: Switch to new keys ...
DEB [20220415-19:26:12.072] thr=2   paramiko.transport: Attempting password auth...
DEB [20220415-19:26:12.109] thr=1   paramiko.transport: userauth is OK
INF [20220415-19:26:12.116] thr=1   paramiko.transport: Authentication (password) successful!
DEB [20220415-19:26:12.120] thr=3   paramiko.transport: starting thread (client mode): 0xe825bf40
DEB [20220415-19:26:12.121] thr=3   paramiko.transport: Local version/idstring: SSH-2.0-paramiko_2.7.2
DEB [20220415-19:26:12.126] thr=3   paramiko.transport: Remote version/idstring: SSH-2.0-OpenSSH_7.7
INF [20220415-19:26:12.127] thr=3   paramiko.transport: Connected (version 2.0, client OpenSSH_7.7)
DEB [20220415-19:26:12.130] thr=3   paramiko.transport: kex algos:['curve25519-sha256', 'curve25519-sha256@libssh.org', 'ecdh-sha2-nistp256', 'ecdh-sha2-nistp384', 'ecdh-sha2-nistp521', 'diffie-hellman-group-exchange-sha256', 'diffie-hellman-group16-sha512', 'diffie-hellman-group18-sha512', 'diffie-hellman-group14-sha256', 'diffie-hellman-group14-sha1'] server key:['ssh-rsa', 'rsa-sha2-512', 'rsa-sha2-256', 'ecdsa-sha2-nistp256', 'ssh-ed25519'] client encrypt:['chacha20-poly1305@openssh.com', 'aes128-ctr', 'aes192-ctr', 'aes256-ctr', 'aes128-gcm@openssh.com', 'aes256-gcm@openssh.com'] server encrypt:['chacha20-poly1305@openssh.com', 'aes128-ctr', 'aes192-ctr', 'aes256-ctr', 'aes128-gcm@openssh.com', 'aes256-gcm@openssh.com'] client mac:['umac-64-etm@openssh.com', 'umac-128-etm@openssh.com', 'hmac-sha2-256-etm@openssh.com', 'hmac-sha2-512-etm@openssh.com', 'hmac-sha1-etm@openssh.com', 'umac-64@openssh.com', 'umac-128@openssh.com', 'hmac-sha2-256', 'hmac-sha2-512', 'hmac-sha1'] server mac:['umac-64-etm@openssh.com', 'umac-128-etm@openssh.com', 'hmac-sha2-256-etm@openssh.com', 'hmac-sha2-512-etm@openssh.com', 'hmac-sha1-etm@openssh.com', 'umac-64@openssh.com', 'umac-128@openssh.com', 'hmac-sha2-256', 'hmac-sha2-512', 'hmac-sha1'] client compress:['none', 'zlib@openssh.com'] server compress:['none', 'zlib@openssh.com'] client lang:[''] server lang:[''] kex follows?False
DEB [20220415-19:26:12.130] thr=3   paramiko.transport: Kex agreed: curve25519-sha256@libssh.org
DEB [20220415-19:26:12.130] thr=3   paramiko.transport: HostKey agreed: ssh-ed25519
DEB [20220415-19:26:12.130] thr=3   paramiko.transport: Cipher agreed: aes128-ctr
DEB [20220415-19:26:12.130] thr=3   paramiko.transport: MAC agreed: hmac-sha2-256
DEB [20220415-19:26:12.130] thr=3   paramiko.transport: Compression agreed: none
DEB [20220415-19:26:12.139] thr=3   paramiko.transport: kex engine KexCurve25519 specified hash_algo <built-in function openssl_sha256>
DEB [20220415-19:26:12.139] thr=3   paramiko.transport: Switch to new keys ...
DEB [20220415-19:26:12.139] thr=2   paramiko.transport: Adding ssh-ed25519 host key for 192.168.64.130: b'e3af0aca1241af066058734df9bdeaa8'
DEB [20220415-19:26:12.170] thr=1   paramiko.transport: Received global request "hostkeys-00@openssh.com"
DEB [20220415-19:26:12.171] thr=1   paramiko.transport: Rejecting "hostkeys-00@openssh.com" global request from server.
DEB [20220415-19:26:12.272] thr=3   paramiko.transport: userauth is OK
INF [20220415-19:26:12.276] thr=3   paramiko.transport: Authentication (password) successful!
DEB [20220415-19:26:12.276] thr=2   paramiko.transport: [chan 0] Max packet in: 32768 bytes
DEB [20220415-19:26:12.277] thr=3   paramiko.transport: Received global request "hostkeys-00@openssh.com"
DEB [20220415-19:26:12.277] thr=3   paramiko.transport: Rejecting "hostkeys-00@openssh.com" global request from server.
DEB [20220415-19:26:12.328] thr=3   paramiko.transport: [chan 0] Max packet out: 32768 bytes
DEB [20220415-19:26:12.328] thr=3   paramiko.transport: Secsh channel 0 opened.
DEB [20220415-19:26:12.330] thr=3   paramiko.transport: [chan 0] Sesch channel 0 request ok
DEB [20220415-19:26:12.331] thr=3   paramiko.transport: [chan 0] EOF received (0)
DEB [20220415-19:26:12.331] thr=3   paramiko.transport: [chan 0] EOF sent (0)
DEB [20220415-19:26:12.332] thr=1   paramiko.transport: EOF in transport thread
DEB [20220415-19:26:20.098] thr=1   paramiko.transport: starting thread (client mode): 0xe59f58e0
DEB [20220415-19:26:20.099] thr=1   paramiko.transport: Local version/idstring: SSH-2.0-paramiko_2.7.2
DEB [20220415-19:26:20.102] thr=1   paramiko.transport: Remote version/idstring: SSH-2.0-OpenSSH_7.7
INF [20220415-19:26:20.102] thr=1   paramiko.transport: Connected (version 2.0, client OpenSSH_7.7)
DEB [20220415-19:26:20.103] thr=1   paramiko.transport: kex algos:['curve25519-sha256', 'curve25519-sha256@libssh.org', 'ecdh-sha2-nistp256', 'ecdh-sha2-nistp384', 'ecdh-sha2-nistp521', 'diffie-hellman-group-exchange-sha256', 'diffie-hellman-group16-sha512', 'diffie-hellman-group18-sha512', 'diffie-hellman-group14-sha256', 'diffie-hellman-group14-sha1'] server key:['ssh-rsa', 'rsa-sha2-512', 'rsa-sha2-256', 'ecdsa-sha2-nistp256', 'ssh-ed25519'] client encrypt:['chacha20-poly1305@openssh.com', 'aes128-ctr', 'aes192-ctr', 'aes256-ctr', 'aes128-gcm@openssh.com', 'aes256-gcm@openssh.com'] server encrypt:['chacha20-poly1305@openssh.com', 'aes128-ctr', 'aes192-ctr', 'aes256-ctr', 'aes128-gcm@openssh.com', 'aes256-gcm@openssh.com'] client mac:['umac-64-etm@openssh.com', 'umac-128-etm@openssh.com', 'hmac-sha2-256-etm@openssh.com', 'hmac-sha2-512-etm@openssh.com', 'hmac-sha1-etm@openssh.com', 'umac-64@openssh.com', 'umac-128@openssh.com', 'hmac-sha2-256', 'hmac-sha2-512', 'hmac-sha1'] server mac:['umac-64-etm@openssh.com', 'umac-128-etm@openssh.com', 'hmac-sha2-256-etm@openssh.com', 'hmac-sha2-512-etm@openssh.com', 'hmac-sha1-etm@openssh.com', 'umac-64@openssh.com', 'umac-128@openssh.com', 'hmac-sha2-256', 'hmac-sha2-512', 'hmac-sha1'] client compress:['none', 'zlib@openssh.com'] server compress:['none', 'zlib@openssh.com'] client lang:[''] server lang:[''] kex follows?False
DEB [20220415-19:26:20.103] thr=1   paramiko.transport: Kex agreed: curve25519-sha256@libssh.org
DEB [20220415-19:26:20.103] thr=1   paramiko.transport: HostKey agreed: ssh-ed25519
DEB [20220415-19:26:20.103] thr=1   paramiko.transport: Cipher agreed: aes128-ctr
DEB [20220415-19:26:20.104] thr=1   paramiko.transport: MAC agreed: hmac-sha2-256
DEB [20220415-19:26:20.104] thr=1   paramiko.transport: Compression agreed: none
DEB [20220415-19:26:20.111] thr=1   paramiko.transport: kex engine KexCurve25519 specified hash_algo <built-in function openssl_sha256>
DEB [20220415-19:26:20.113] thr=1   paramiko.transport: Switch to new keys ...
DEB [20220415-19:26:20.113] thr=2   paramiko.transport: Attempting password auth...
DEB [20220415-19:26:20.158] thr=1   paramiko.transport: userauth is OK
INF [20220415-19:26:20.163] thr=1   paramiko.transport: Authentication (password) successful!
DEB [20220415-19:26:20.164] thr=3   paramiko.transport: starting thread (client mode): 0xe7f0bf70
DEB [20220415-19:26:20.164] thr=3   paramiko.transport: Local version/idstring: SSH-2.0-paramiko_2.7.2
DEB [20220415-19:26:20.169] thr=3   paramiko.transport: Remote version/idstring: SSH-2.0-OpenSSH_7.7
INF [20220415-19:26:20.169] thr=3   paramiko.transport: Connected (version 2.0, client OpenSSH_7.7)
DEB [20220415-19:26:20.171] thr=3   paramiko.transport: kex algos:['curve25519-sha256', 'curve25519-sha256@libssh.org', 'ecdh-sha2-nistp256', 'ecdh-sha2-nistp384', 'ecdh-sha2-nistp521', 'diffie-hellman-group-exchange-sha256', 'diffie-hellman-group16-sha512', 'diffie-hellman-group18-sha512', 'diffie-hellman-group14-sha256', 'diffie-hellman-group14-sha1'] server key:['ssh-rsa', 'rsa-sha2-512', 'rsa-sha2-256', 'ecdsa-sha2-nistp256', 'ssh-ed25519'] client encrypt:['chacha20-poly1305@openssh.com', 'aes128-ctr', 'aes192-ctr', 'aes256-ctr', 'aes128-gcm@openssh.com', 'aes256-gcm@openssh.com'] server encrypt:['chacha20-poly1305@openssh.com', 'aes128-ctr', 'aes192-ctr', 'aes256-ctr', 'aes128-gcm@openssh.com', 'aes256-gcm@openssh.com'] client mac:['umac-64-etm@openssh.com', 'umac-128-etm@openssh.com', 'hmac-sha2-256-etm@openssh.com', 'hmac-sha2-512-etm@openssh.com', 'hmac-sha1-etm@openssh.com', 'umac-64@openssh.com', 'umac-128@openssh.com', 'hmac-sha2-256', 'hmac-sha2-512', 'hmac-sha1'] server mac:['umac-64-etm@openssh.com', 'umac-128-etm@openssh.com', 'hmac-sha2-256-etm@openssh.com', 'hmac-sha2-512-etm@openssh.com', 'hmac-sha1-etm@openssh.com', 'umac-64@openssh.com', 'umac-128@openssh.com', 'hmac-sha2-256', 'hmac-sha2-512', 'hmac-sha1'] client compress:['none', 'zlib@openssh.com'] server compress:['none', 'zlib@openssh.com'] client lang:[''] server lang:[''] kex follows?False
DEB [20220415-19:26:20.171] thr=3   paramiko.transport: Kex agreed: curve25519-sha256@libssh.org
DEB [20220415-19:26:20.172] thr=3   paramiko.transport: HostKey agreed: ssh-ed25519
DEB [20220415-19:26:20.172] thr=3   paramiko.transport: Cipher agreed: aes128-ctr
DEB [20220415-19:26:20.172] thr=3   paramiko.transport: MAC agreed: hmac-sha2-256
DEB [20220415-19:26:20.172] thr=3   paramiko.transport: Compression agreed: none
DEB [20220415-19:26:20.181] thr=3   paramiko.transport: kex engine KexCurve25519 specified hash_algo <built-in function openssl_sha256>
DEB [20220415-19:26:20.182] thr=3   paramiko.transport: Switch to new keys ...
DEB [20220415-19:26:20.182] thr=2   paramiko.transport: Adding ssh-ed25519 host key for 192.168.64.130: b'e3af0aca1241af066058734df9bdeaa8'
DEB [20220415-19:26:20.221] thr=1   paramiko.transport: Received global request "hostkeys-00@openssh.com"
DEB [20220415-19:26:20.221] thr=1   paramiko.transport: Rejecting "hostkeys-00@openssh.com" global request from server.
DEB [20220415-19:26:20.327] thr=3   paramiko.transport: userauth is OK
INF [20220415-19:26:20.331] thr=3   paramiko.transport: Authentication (password) successful!
DEB [20220415-19:26:20.332] thr=2   paramiko.transport: [chan 0] Max packet in: 32768 bytes
DEB [20220415-19:26:20.332] thr=3   paramiko.transport: Received global request "hostkeys-00@openssh.com"
DEB [20220415-19:26:20.332] thr=3   paramiko.transport: Rejecting "hostkeys-00@openssh.com" global request from server.
DEB [20220415-19:26:20.383] thr=3   paramiko.transport: [chan 0] Max packet out: 32768 bytes
DEB [20220415-19:26:20.383] thr=3   paramiko.transport: Secsh channel 0 opened.
DEB [20220415-19:26:20.385] thr=3   paramiko.transport: [chan 0] Sesch channel 0 request ok
DEB [20220415-19:26:20.386] thr=3   paramiko.transport: [chan 0] EOF received (0)
DEB [20220415-19:26:20.386] thr=3   paramiko.transport: [chan 0] EOF sent (0)
DEB [20220415-19:26:20.387] thr=1   paramiko.transport: EOF in transport thread
DEB [20220415-19:26:33.262] thr=1   paramiko.transport: starting thread (client mode): 0xf5065040
DEB [20220415-19:26:33.262] thr=1   paramiko.transport: Local version/idstring: SSH-2.0-paramiko_2.7.2
DEB [20220415-19:26:33.264] thr=1   paramiko.transport: Remote version/idstring: SSH-2.0-OpenSSH_7.7
INF [20220415-19:26:33.264] thr=1   paramiko.transport: Connected (version 2.0, client OpenSSH_7.7)
DEB [20220415-19:26:33.265] thr=1   paramiko.transport: kex algos:['curve25519-sha256', 'curve25519-sha256@libssh.org', 'ecdh-sha2-nistp256', 'ecdh-sha2-nistp384', 'ecdh-sha2-nistp521', 'diffie-hellman-group-exchange-sha256', 'diffie-hellman-group16-sha512', 'diffie-hellman-group18-sha512', 'diffie-hellman-group14-sha256', 'diffie-hellman-group14-sha1'] server key:['ssh-rsa', 'rsa-sha2-512', 'rsa-sha2-256', 'ecdsa-sha2-nistp256', 'ssh-ed25519'] client encrypt:['chacha20-poly1305@openssh.com', 'aes128-ctr', 'aes192-ctr', 'aes256-ctr', 'aes128-gcm@openssh.com', 'aes256-gcm@openssh.com'] server encrypt:['chacha20-poly1305@openssh.com', 'aes128-ctr', 'aes192-ctr', 'aes256-ctr', 'aes128-gcm@openssh.com', 'aes256-gcm@openssh.com'] client mac:['umac-64-etm@openssh.com', 'umac-128-etm@openssh.com', 'hmac-sha2-256-etm@openssh.com', 'hmac-sha2-512-etm@openssh.com', 'hmac-sha1-etm@openssh.com', 'umac-64@openssh.com', 'umac-128@openssh.com', 'hmac-sha2-256', 'hmac-sha2-512', 'hmac-sha1'] server mac:['umac-64-etm@openssh.com', 'umac-128-etm@openssh.com', 'hmac-sha2-256-etm@openssh.com', 'hmac-sha2-512-etm@openssh.com', 'hmac-sha1-etm@openssh.com', 'umac-64@openssh.com', 'umac-128@openssh.com', 'hmac-sha2-256', 'hmac-sha2-512', 'hmac-sha1'] client compress:['none', 'zlib@openssh.com'] server compress:['none', 'zlib@openssh.com'] client lang:[''] server lang:[''] kex follows?False
DEB [20220415-19:26:33.265] thr=1   paramiko.transport: Kex agreed: curve25519-sha256@libssh.org
DEB [20220415-19:26:33.265] thr=1   paramiko.transport: HostKey agreed: ssh-ed25519
DEB [20220415-19:26:33.265] thr=1   paramiko.transport: Cipher agreed: aes128-ctr
DEB [20220415-19:26:33.265] thr=1   paramiko.transport: MAC agreed: hmac-sha2-256
DEB [20220415-19:26:33.265] thr=1   paramiko.transport: Compression agreed: none
DEB [20220415-19:26:33.274] thr=1   paramiko.transport: kex engine KexCurve25519 specified hash_algo <built-in function openssl_sha256>
DEB [20220415-19:26:33.279] thr=1   paramiko.transport: Switch to new keys ...
DEB [20220415-19:26:33.279] thr=2   paramiko.transport: Attempting password auth...
DEB [20220415-19:26:33.318] thr=1   paramiko.transport: userauth is OK
INF [20220415-19:26:33.324] thr=1   paramiko.transport: Authentication (password) successful!
DEB [20220415-19:26:33.328] thr=3   paramiko.transport: starting thread (client mode): 0xf758bf40
DEB [20220415-19:26:33.328] thr=3   paramiko.transport: Local version/idstring: SSH-2.0-paramiko_2.7.2
DEB [20220415-19:26:33.336] thr=3   paramiko.transport: Remote version/idstring: SSH-2.0-OpenSSH_7.7
INF [20220415-19:26:33.336] thr=3   paramiko.transport: Connected (version 2.0, client OpenSSH_7.7)
DEB [20220415-19:26:33.338] thr=3   paramiko.transport: kex algos:['curve25519-sha256', 'curve25519-sha256@libssh.org', 'ecdh-sha2-nistp256', 'ecdh-sha2-nistp384', 'ecdh-sha2-nistp521', 'diffie-hellman-group-exchange-sha256', 'diffie-hellman-group16-sha512', 'diffie-hellman-group18-sha512', 'diffie-hellman-group14-sha256', 'diffie-hellman-group14-sha1'] server key:['ssh-rsa', 'rsa-sha2-512', 'rsa-sha2-256', 'ecdsa-sha2-nistp256', 'ssh-ed25519'] client encrypt:['chacha20-poly1305@openssh.com', 'aes128-ctr', 'aes192-ctr', 'aes256-ctr', 'aes128-gcm@openssh.com', 'aes256-gcm@openssh.com'] server encrypt:['chacha20-poly1305@openssh.com', 'aes128-ctr', 'aes192-ctr', 'aes256-ctr', 'aes128-gcm@openssh.com', 'aes256-gcm@openssh.com'] client mac:['umac-64-etm@openssh.com', 'umac-128-etm@openssh.com', 'hmac-sha2-256-etm@openssh.com', 'hmac-sha2-512-etm@openssh.com', 'hmac-sha1-etm@openssh.com', 'umac-64@openssh.com', 'umac-128@openssh.com', 'hmac-sha2-256', 'hmac-sha2-512', 'hmac-sha1'] server mac:['umac-64-etm@openssh.com', 'umac-128-etm@openssh.com', 'hmac-sha2-256-etm@openssh.com', 'hmac-sha2-512-etm@openssh.com', 'hmac-sha1-etm@openssh.com', 'umac-64@openssh.com', 'umac-128@openssh.com', 'hmac-sha2-256', 'hmac-sha2-512', 'hmac-sha1'] client compress:['none', 'zlib@openssh.com'] server compress:['none', 'zlib@openssh.com'] client lang:[''] server lang:[''] kex follows?False
DEB [20220415-19:26:33.338] thr=3   paramiko.transport: Kex agreed: curve25519-sha256@libssh.org
DEB [20220415-19:26:33.338] thr=3   paramiko.transport: HostKey agreed: ssh-ed25519
DEB [20220415-19:26:33.338] thr=3   paramiko.transport: Cipher agreed: aes128-ctr
DEB [20220415-19:26:33.339] thr=3   paramiko.transport: MAC agreed: hmac-sha2-256
DEB [20220415-19:26:33.339] thr=3   paramiko.transport: Compression agreed: none
DEB [20220415-19:26:33.347] thr=3   paramiko.transport: kex engine KexCurve25519 specified hash_algo <built-in function openssl_sha256>
DEB [20220415-19:26:33.348] thr=3   paramiko.transport: Switch to new keys ...
DEB [20220415-19:26:33.348] thr=2   paramiko.transport: Adding ssh-ed25519 host key for 192.168.64.130: b'e3af0aca1241af066058734df9bdeaa8'
DEB [20220415-19:26:33.378] thr=1   paramiko.transport: Received global request "hostkeys-00@openssh.com"
DEB [20220415-19:26:33.379] thr=1   paramiko.transport: Rejecting "hostkeys-00@openssh.com" global request from server.
DEB [20220415-19:26:33.480] thr=3   paramiko.transport: userauth is OK
INF [20220415-19:26:33.484] thr=3   paramiko.transport: Authentication (password) successful!
DEB [20220415-19:26:33.484] thr=2   paramiko.transport: [chan 0] Max packet in: 32768 bytes
DEB [20220415-19:26:33.485] thr=3   paramiko.transport: Received global request "hostkeys-00@openssh.com"
DEB [20220415-19:26:33.485] thr=3   paramiko.transport: Rejecting "hostkeys-00@openssh.com" global request from server.
DEB [20220415-19:26:33.535] thr=3   paramiko.transport: [chan 0] Max packet out: 32768 bytes
DEB [20220415-19:26:33.536] thr=3   paramiko.transport: Secsh channel 0 opened.
DEB [20220415-19:26:33.537] thr=3   paramiko.transport: [chan 0] Sesch channel 0 request ok
DEB [20220415-19:26:33.539] thr=3   paramiko.transport: [chan 0] EOF received (0)
DEB [20220415-19:26:33.539] thr=3   paramiko.transport: [chan 0] EOF sent (0)
DEB [20220415-19:26:33.540] thr=1   paramiko.transport: EOF in transport thread
DEB [20220415-19:28:40.483] thr=1   paramiko.transport: starting thread (client mode): 0xf6f25430
DEB [20220415-19:28:40.483] thr=1   paramiko.transport: Local version/idstring: SSH-2.0-paramiko_2.7.2
DEB [20220415-19:28:40.485] thr=1   paramiko.transport: Remote version/idstring: SSH-2.0-OpenSSH_7.7
INF [20220415-19:28:40.485] thr=1   paramiko.transport: Connected (version 2.0, client OpenSSH_7.7)
DEB [20220415-19:28:40.486] thr=1   paramiko.transport: kex algos:['curve25519-sha256', 'curve25519-sha256@libssh.org', 'ecdh-sha2-nistp256', 'ecdh-sha2-nistp384', 'ecdh-sha2-nistp521', 'diffie-hellman-group-exchange-sha256', 'diffie-hellman-group16-sha512', 'diffie-hellman-group18-sha512', 'diffie-hellman-group14-sha256', 'diffie-hellman-group14-sha1'] server key:['ssh-rsa', 'rsa-sha2-512', 'rsa-sha2-256', 'ecdsa-sha2-nistp256', 'ssh-ed25519'] client encrypt:['chacha20-poly1305@openssh.com', 'aes128-ctr', 'aes192-ctr', 'aes256-ctr', 'aes128-gcm@openssh.com', 'aes256-gcm@openssh.com'] server encrypt:['chacha20-poly1305@openssh.com', 'aes128-ctr', 'aes192-ctr', 'aes256-ctr', 'aes128-gcm@openssh.com', 'aes256-gcm@openssh.com'] client mac:['umac-64-etm@openssh.com', 'umac-128-etm@openssh.com', 'hmac-sha2-256-etm@openssh.com', 'hmac-sha2-512-etm@openssh.com', 'hmac-sha1-etm@openssh.com', 'umac-64@openssh.com', 'umac-128@openssh.com', 'hmac-sha2-256', 'hmac-sha2-512', 'hmac-sha1'] server mac:['umac-64-etm@openssh.com', 'umac-128-etm@openssh.com', 'hmac-sha2-256-etm@openssh.com', 'hmac-sha2-512-etm@openssh.com', 'hmac-sha1-etm@openssh.com', 'umac-64@openssh.com', 'umac-128@openssh.com', 'hmac-sha2-256', 'hmac-sha2-512', 'hmac-sha1'] client compress:['none', 'zlib@openssh.com'] server compress:['none', 'zlib@openssh.com'] client lang:[''] server lang:[''] kex follows?False
DEB [20220415-19:28:40.487] thr=1   paramiko.transport: Kex agreed: curve25519-sha256@libssh.org
DEB [20220415-19:28:40.487] thr=1   paramiko.transport: HostKey agreed: ssh-ed25519
DEB [20220415-19:28:40.487] thr=1   paramiko.transport: Cipher agreed: aes128-ctr
DEB [20220415-19:28:40.487] thr=1   paramiko.transport: MAC agreed: hmac-sha2-256
DEB [20220415-19:28:40.487] thr=1   paramiko.transport: Compression agreed: none
DEB [20220415-19:28:40.503] thr=1   paramiko.transport: kex engine KexCurve25519 specified hash_algo <built-in function openssl_sha256>
DEB [20220415-19:28:40.507] thr=1   paramiko.transport: Switch to new keys ...
DEB [20220415-19:28:40.508] thr=2   paramiko.transport: Attempting password auth...
DEB [20220415-19:28:40.551] thr=1   paramiko.transport: userauth is OK
INF [20220415-19:28:40.560] thr=1   paramiko.transport: Authentication (password) successful!
DEB [20220415-19:28:40.563] thr=3   paramiko.transport: starting thread (client mode): 0xf9471430
DEB [20220415-19:28:40.564] thr=3   paramiko.transport: Local version/idstring: SSH-2.0-paramiko_2.7.2
DEB [20220415-19:28:40.567] thr=3   paramiko.transport: Remote version/idstring: SSH-2.0-OpenSSH_7.7
INF [20220415-19:28:40.567] thr=3   paramiko.transport: Connected (version 2.0, client OpenSSH_7.7)
DEB [20220415-19:28:40.569] thr=3   paramiko.transport: kex algos:['curve25519-sha256', 'curve25519-sha256@libssh.org', 'ecdh-sha2-nistp256', 'ecdh-sha2-nistp384', 'ecdh-sha2-nistp521', 'diffie-hellman-group-exchange-sha256', 'diffie-hellman-group16-sha512', 'diffie-hellman-group18-sha512', 'diffie-hellman-group14-sha256', 'diffie-hellman-group14-sha1'] server key:['ssh-rsa', 'rsa-sha2-512', 'rsa-sha2-256', 'ecdsa-sha2-nistp256', 'ssh-ed25519'] client encrypt:['chacha20-poly1305@openssh.com', 'aes128-ctr', 'aes192-ctr', 'aes256-ctr', 'aes128-gcm@openssh.com', 'aes256-gcm@openssh.com'] server encrypt:['chacha20-poly1305@openssh.com', 'aes128-ctr', 'aes192-ctr', 'aes256-ctr', 'aes128-gcm@openssh.com', 'aes256-gcm@openssh.com'] client mac:['umac-64-etm@openssh.com', 'umac-128-etm@openssh.com', 'hmac-sha2-256-etm@openssh.com', 'hmac-sha2-512-etm@openssh.com', 'hmac-sha1-etm@openssh.com', 'umac-64@openssh.com', 'umac-128@openssh.com', 'hmac-sha2-256', 'hmac-sha2-512', 'hmac-sha1'] server mac:['umac-64-etm@openssh.com', 'umac-128-etm@openssh.com', 'hmac-sha2-256-etm@openssh.com', 'hmac-sha2-512-etm@openssh.com', 'hmac-sha1-etm@openssh.com', 'umac-64@openssh.com', 'umac-128@openssh.com', 'hmac-sha2-256', 'hmac-sha2-512', 'hmac-sha1'] client compress:['none', 'zlib@openssh.com'] server compress:['none', 'zlib@openssh.com'] client lang:[''] server lang:[''] kex follows?False
DEB [20220415-19:28:40.570] thr=3   paramiko.transport: Kex agreed: curve25519-sha256@libssh.org
DEB [20220415-19:28:40.570] thr=3   paramiko.transport: HostKey agreed: ssh-ed25519
DEB [20220415-19:28:40.570] thr=3   paramiko.transport: Cipher agreed: aes128-ctr
DEB [20220415-19:28:40.570] thr=3   paramiko.transport: MAC agreed: hmac-sha2-256
DEB [20220415-19:28:40.570] thr=3   paramiko.transport: Compression agreed: none
DEB [20220415-19:28:40.576] thr=3   paramiko.transport: kex engine KexCurve25519 specified hash_algo <built-in function openssl_sha256>
DEB [20220415-19:28:40.576] thr=3   paramiko.transport: Switch to new keys ...
DEB [20220415-19:28:40.576] thr=2   paramiko.transport: Adding ssh-ed25519 host key for 192.168.64.130: b'e3af0aca1241af066058734df9bdeaa8'
DEB [20220415-19:28:40.612] thr=1   paramiko.transport: Received global request "hostkeys-00@openssh.com"
DEB [20220415-19:28:40.613] thr=1   paramiko.transport: Rejecting "hostkeys-00@openssh.com" global request from server.
DEB [20220415-19:28:40.711] thr=3   paramiko.transport: userauth is OK
INF [20220415-19:28:40.717] thr=3   paramiko.transport: Authentication (password) successful!
DEB [20220415-19:28:40.719] thr=2   paramiko.transport: [chan 0] Max packet in: 32768 bytes
DEB [20220415-19:28:40.720] thr=3   paramiko.transport: Received global request "hostkeys-00@openssh.com"
DEB [20220415-19:28:40.720] thr=3   paramiko.transport: Rejecting "hostkeys-00@openssh.com" global request from server.
DEB [20220415-19:28:40.769] thr=3   paramiko.transport: [chan 0] Max packet out: 32768 bytes
DEB [20220415-19:28:40.770] thr=3   paramiko.transport: Secsh channel 0 opened.
DEB [20220415-19:28:40.771] thr=3   paramiko.transport: [chan 0] Sesch channel 0 request ok
DEB [20220415-19:28:40.774] thr=3   paramiko.transport: [chan 0] EOF received (0)
DEB [20220415-19:28:40.775] thr=3   paramiko.transport: [chan 0] EOF sent (0)
DEB [20220415-19:28:40.777] thr=1   paramiko.transport: EOF in transport thread
DEB [20220415-19:28:40.777] thr=3   paramiko.transport: EOF in transport thread
DEB [20220416-13:53:35.343] thr=1   paramiko.transport: starting thread (client mode): 0x94145460
DEB [20220416-13:53:35.343] thr=1   paramiko.transport: Local version/idstring: SSH-2.0-paramiko_2.7.2
DEB [20220416-13:53:35.346] thr=1   paramiko.transport: Remote version/idstring: SSH-2.0-OpenSSH_7.7
INF [20220416-13:53:35.346] thr=1   paramiko.transport: Connected (version 2.0, client OpenSSH_7.7)
DEB [20220416-13:53:35.347] thr=1   paramiko.transport: kex algos:['curve25519-sha256', 'curve25519-sha256@libssh.org', 'ecdh-sha2-nistp256', 'ecdh-sha2-nistp384', 'ecdh-sha2-nistp521', 'diffie-hellman-group-exchange-sha256', 'diffie-hellman-group16-sha512', 'diffie-hellman-group18-sha512', 'diffie-hellman-group14-sha256', 'diffie-hellman-group14-sha1'] server key:['ssh-rsa', 'rsa-sha2-512', 'rsa-sha2-256', 'ecdsa-sha2-nistp256', 'ssh-ed25519'] client encrypt:['chacha20-poly1305@openssh.com', 'aes128-ctr', 'aes192-ctr', 'aes256-ctr', 'aes128-gcm@openssh.com', 'aes256-gcm@openssh.com'] server encrypt:['chacha20-poly1305@openssh.com', 'aes128-ctr', 'aes192-ctr', 'aes256-ctr', 'aes128-gcm@openssh.com', 'aes256-gcm@openssh.com'] client mac:['umac-64-etm@openssh.com', 'umac-128-etm@openssh.com', 'hmac-sha2-256-etm@openssh.com', 'hmac-sha2-512-etm@openssh.com', 'hmac-sha1-etm@openssh.com', 'umac-64@openssh.com', 'umac-128@openssh.com', 'hmac-sha2-256', 'hmac-sha2-512', 'hmac-sha1'] server mac:['umac-64-etm@openssh.com', 'umac-128-etm@openssh.com', 'hmac-sha2-256-etm@openssh.com', 'hmac-sha2-512-etm@openssh.com', 'hmac-sha1-etm@openssh.com', 'umac-64@openssh.com', 'umac-128@openssh.com', 'hmac-sha2-256', 'hmac-sha2-512', 'hmac-sha1'] client compress:['none', 'zlib@openssh.com'] server compress:['none', 'zlib@openssh.com'] client lang:[''] server lang:[''] kex follows?False
DEB [20220416-13:53:35.347] thr=1   paramiko.transport: Kex agreed: curve25519-sha256@libssh.org
DEB [20220416-13:53:35.347] thr=1   paramiko.transport: HostKey agreed: ssh-ed25519
DEB [20220416-13:53:35.347] thr=1   paramiko.transport: Cipher agreed: aes128-ctr
DEB [20220416-13:53:35.347] thr=1   paramiko.transport: MAC agreed: hmac-sha2-256
DEB [20220416-13:53:35.347] thr=1   paramiko.transport: Compression agreed: none
DEB [20220416-13:53:35.356] thr=1   paramiko.transport: kex engine KexCurve25519 specified hash_algo <built-in function openssl_sha256>
DEB [20220416-13:53:35.359] thr=1   paramiko.transport: Switch to new keys ...
DEB [20220416-13:53:35.361] thr=2   paramiko.transport: Attempting password auth...
DEB [20220416-13:53:35.402] thr=1   paramiko.transport: userauth is OK
INF [20220416-13:53:35.408] thr=1   paramiko.transport: Authentication (password) successful!
DEB [20220416-13:53:35.409] thr=3   paramiko.transport: starting thread (client mode): 0x96671460
DEB [20220416-13:53:35.409] thr=3   paramiko.transport: Local version/idstring: SSH-2.0-paramiko_2.7.2
DEB [20220416-13:53:35.411] thr=3   paramiko.transport: Remote version/idstring: SSH-2.0-OpenSSH_7.7
INF [20220416-13:53:35.411] thr=3   paramiko.transport: Connected (version 2.0, client OpenSSH_7.7)
DEB [20220416-13:53:35.412] thr=3   paramiko.transport: kex algos:['curve25519-sha256', 'curve25519-sha256@libssh.org', 'ecdh-sha2-nistp256', 'ecdh-sha2-nistp384', 'ecdh-sha2-nistp521', 'diffie-hellman-group-exchange-sha256', 'diffie-hellman-group16-sha512', 'diffie-hellman-group18-sha512', 'diffie-hellman-group14-sha256', 'diffie-hellman-group14-sha1'] server key:['ssh-rsa', 'rsa-sha2-512', 'rsa-sha2-256', 'ecdsa-sha2-nistp256', 'ssh-ed25519'] client encrypt:['chacha20-poly1305@openssh.com', 'aes128-ctr', 'aes192-ctr', 'aes256-ctr', 'aes128-gcm@openssh.com', 'aes256-gcm@openssh.com'] server encrypt:['chacha20-poly1305@openssh.com', 'aes128-ctr', 'aes192-ctr', 'aes256-ctr', 'aes128-gcm@openssh.com', 'aes256-gcm@openssh.com'] client mac:['umac-64-etm@openssh.com', 'umac-128-etm@openssh.com', 'hmac-sha2-256-etm@openssh.com', 'hmac-sha2-512-etm@openssh.com', 'hmac-sha1-etm@openssh.com', 'umac-64@openssh.com', 'umac-128@openssh.com', 'hmac-sha2-256', 'hmac-sha2-512', 'hmac-sha1'] server mac:['umac-64-etm@openssh.com', 'umac-128-etm@openssh.com', 'hmac-sha2-256-etm@openssh.com', 'hmac-sha2-512-etm@openssh.com', 'hmac-sha1-etm@openssh.com', 'umac-64@openssh.com', 'umac-128@openssh.com', 'hmac-sha2-256', 'hmac-sha2-512', 'hmac-sha1'] client compress:['none', 'zlib@openssh.com'] server compress:['none', 'zlib@openssh.com'] client lang:[''] server lang:[''] kex follows?False
DEB [20220416-13:53:35.412] thr=3   paramiko.transport: Kex agreed: curve25519-sha256@libssh.org
DEB [20220416-13:53:35.412] thr=3   paramiko.transport: HostKey agreed: ssh-ed25519
DEB [20220416-13:53:35.412] thr=3   paramiko.transport: Cipher agreed: aes128-ctr
DEB [20220416-13:53:35.412] thr=3   paramiko.transport: MAC agreed: hmac-sha2-256
DEB [20220416-13:53:35.412] thr=3   paramiko.transport: Compression agreed: none
DEB [20220416-13:53:35.417] thr=3   paramiko.transport: kex engine KexCurve25519 specified hash_algo <built-in function openssl_sha256>
DEB [20220416-13:53:35.418] thr=3   paramiko.transport: Switch to new keys ...
DEB [20220416-13:53:35.418] thr=2   paramiko.transport: Adding ssh-ed25519 host key for 192.168.64.130: b'e3af0aca1241af066058734df9bdeaa8'
DEB [20220416-13:53:35.462] thr=1   paramiko.transport: Received global request "hostkeys-00@openssh.com"
DEB [20220416-13:53:35.462] thr=1   paramiko.transport: Rejecting "hostkeys-00@openssh.com" global request from server.
DEB [20220416-13:53:35.549] thr=3   paramiko.transport: userauth is OK
INF [20220416-13:53:35.553] thr=3   paramiko.transport: Authentication (password) successful!
DEB [20220416-13:53:35.553] thr=2   paramiko.transport: [chan 0] Max packet in: 32768 bytes
DEB [20220416-13:53:35.554] thr=1   paramiko.transport: [chan 0] Max packet out: 32768 bytes
DEB [20220416-13:53:35.554] thr=1   paramiko.transport: Secsh channel 0 opened.
DEB [20220416-13:53:35.555] thr=1   paramiko.transport: [chan 0] Sesch channel 0 request ok
INF [20220416-13:53:35.557] thr=2   paramiko.transport.sftp: [chan 0] Opened sftp connection (server version 3)
DEB [20220416-13:53:35.567] thr=2   paramiko.transport.sftp: [chan 0] open(b'/tmp/ssh.log', 'wb')
DEB [20220416-13:53:35.572] thr=2   paramiko.transport.sftp: [chan 0] open(b'/tmp/ssh.log', 'wb') -> 00000000
DEB [20220416-13:53:35.574] thr=2   paramiko.transport.sftp: [chan 0] close(00000000)
DEB [20220416-13:53:35.590] thr=2   paramiko.transport.sftp: [chan 0] stat(b'/tmp/ssh.log')
DEB [20220416-13:54:10.898] thr=1   paramiko.transport: starting thread (client mode): 0x37f5460
DEB [20220416-13:54:10.898] thr=1   paramiko.transport: Local version/idstring: SSH-2.0-paramiko_2.7.2
DEB [20220416-13:54:10.900] thr=1   paramiko.transport: Remote version/idstring: SSH-2.0-OpenSSH_7.7
INF [20220416-13:54:10.900] thr=1   paramiko.transport: Connected (version 2.0, client OpenSSH_7.7)
DEB [20220416-13:54:10.900] thr=1   paramiko.transport: kex algos:['curve25519-sha256', 'curve25519-sha256@libssh.org', 'ecdh-sha2-nistp256', 'ecdh-sha2-nistp384', 'ecdh-sha2-nistp521', 'diffie-hellman-group-exchange-sha256', 'diffie-hellman-group16-sha512', 'diffie-hellman-group18-sha512', 'diffie-hellman-group14-sha256', 'diffie-hellman-group14-sha1'] server key:['ssh-rsa', 'rsa-sha2-512', 'rsa-sha2-256', 'ecdsa-sha2-nistp256', 'ssh-ed25519'] client encrypt:['chacha20-poly1305@openssh.com', 'aes128-ctr', 'aes192-ctr', 'aes256-ctr', 'aes128-gcm@openssh.com', 'aes256-gcm@openssh.com'] server encrypt:['chacha20-poly1305@openssh.com', 'aes128-ctr', 'aes192-ctr', 'aes256-ctr', 'aes128-gcm@openssh.com', 'aes256-gcm@openssh.com'] client mac:['umac-64-etm@openssh.com', 'umac-128-etm@openssh.com', 'hmac-sha2-256-etm@openssh.com', 'hmac-sha2-512-etm@openssh.com', 'hmac-sha1-etm@openssh.com', 'umac-64@openssh.com', 'umac-128@openssh.com', 'hmac-sha2-256', 'hmac-sha2-512', 'hmac-sha1'] server mac:['umac-64-etm@openssh.com', 'umac-128-etm@openssh.com', 'hmac-sha2-256-etm@openssh.com', 'hmac-sha2-512-etm@openssh.com', 'hmac-sha1-etm@openssh.com', 'umac-64@openssh.com', 'umac-128@openssh.com', 'hmac-sha2-256', 'hmac-sha2-512', 'hmac-sha1'] client compress:['none', 'zlib@openssh.com'] server compress:['none', 'zlib@openssh.com'] client lang:[''] server lang:[''] kex follows?False
DEB [20220416-13:54:10.900] thr=1   paramiko.transport: Kex agreed: curve25519-sha256@libssh.org
DEB [20220416-13:54:10.901] thr=1   paramiko.transport: HostKey agreed: ssh-ed25519
DEB [20220416-13:54:10.901] thr=1   paramiko.transport: Cipher agreed: aes128-ctr
DEB [20220416-13:54:10.901] thr=1   paramiko.transport: MAC agreed: hmac-sha2-256
DEB [20220416-13:54:10.901] thr=1   paramiko.transport: Compression agreed: none
DEB [20220416-13:54:10.906] thr=1   paramiko.transport: kex engine KexCurve25519 specified hash_algo <built-in function openssl_sha256>
DEB [20220416-13:54:10.908] thr=1   paramiko.transport: Switch to new keys ...
DEB [20220416-13:54:10.908] thr=2   paramiko.transport: Attempting password auth...
DEB [20220416-13:54:10.950] thr=1   paramiko.transport: userauth is OK
INF [20220416-13:54:10.954] thr=1   paramiko.transport: Authentication (password) successful!
DEB [20220416-13:54:10.955] thr=3   paramiko.transport: starting thread (client mode): 0x5d123a0
DEB [20220416-13:54:10.956] thr=3   paramiko.transport: Local version/idstring: SSH-2.0-paramiko_2.7.2
DEB [20220416-13:54:10.974] thr=3   paramiko.transport: Remote version/idstring: SSH-2.0-OpenSSH_7.7
INF [20220416-13:54:10.974] thr=3   paramiko.transport: Connected (version 2.0, client OpenSSH_7.7)
DEB [20220416-13:54:10.975] thr=3   paramiko.transport: kex algos:['curve25519-sha256', 'curve25519-sha256@libssh.org', 'ecdh-sha2-nistp256', 'ecdh-sha2-nistp384', 'ecdh-sha2-nistp521', 'diffie-hellman-group-exchange-sha256', 'diffie-hellman-group16-sha512', 'diffie-hellman-group18-sha512', 'diffie-hellman-group14-sha256', 'diffie-hellman-group14-sha1'] server key:['ssh-rsa', 'rsa-sha2-512', 'rsa-sha2-256', 'ecdsa-sha2-nistp256', 'ssh-ed25519'] client encrypt:['chacha20-poly1305@openssh.com', 'aes128-ctr', 'aes192-ctr', 'aes256-ctr', 'aes128-gcm@openssh.com', 'aes256-gcm@openssh.com'] server encrypt:['chacha20-poly1305@openssh.com', 'aes128-ctr', 'aes192-ctr', 'aes256-ctr', 'aes128-gcm@openssh.com', 'aes256-gcm@openssh.com'] client mac:['umac-64-etm@openssh.com', 'umac-128-etm@openssh.com', 'hmac-sha2-256-etm@openssh.com', 'hmac-sha2-512-etm@openssh.com', 'hmac-sha1-etm@openssh.com', 'umac-64@openssh.com', 'umac-128@openssh.com', 'hmac-sha2-256', 'hmac-sha2-512', 'hmac-sha1'] server mac:['umac-64-etm@openssh.com', 'umac-128-etm@openssh.com', 'hmac-sha2-256-etm@openssh.com', 'hmac-sha2-512-etm@openssh.com', 'hmac-sha1-etm@openssh.com', 'umac-64@openssh.com', 'umac-128@openssh.com', 'hmac-sha2-256', 'hmac-sha2-512', 'hmac-sha1'] client compress:['none', 'zlib@openssh.com'] server compress:['none', 'zlib@openssh.com'] client lang:[''] server lang:[''] kex follows?False
DEB [20220416-13:54:10.975] thr=3   paramiko.transport: Kex agreed: curve25519-sha256@libssh.org
DEB [20220416-13:54:10.975] thr=3   paramiko.transport: HostKey agreed: ssh-ed25519
DEB [20220416-13:54:10.975] thr=3   paramiko.transport: Cipher agreed: aes128-ctr
DEB [20220416-13:54:10.975] thr=3   paramiko.transport: MAC agreed: hmac-sha2-256
DEB [20220416-13:54:10.975] thr=3   paramiko.transport: Compression agreed: none
DEB [20220416-13:54:10.981] thr=3   paramiko.transport: kex engine KexCurve25519 specified hash_algo <built-in function openssl_sha256>
DEB [20220416-13:54:10.982] thr=3   paramiko.transport: Switch to new keys ...
DEB [20220416-13:54:10.982] thr=2   paramiko.transport: Adding ssh-ed25519 host key for 192.168.64.130: b'e3af0aca1241af066058734df9bdeaa8'
DEB [20220416-13:54:11.010] thr=1   paramiko.transport: Received global request "hostkeys-00@openssh.com"
DEB [20220416-13:54:11.010] thr=1   paramiko.transport: Rejecting "hostkeys-00@openssh.com" global request from server.
DEB [20220416-13:54:11.111] thr=3   paramiko.transport: userauth is OK
INF [20220416-13:54:11.116] thr=3   paramiko.transport: Authentication (password) successful!
DEB [20220416-13:54:11.117] thr=2   paramiko.transport: [chan 0] Max packet in: 32768 bytes
DEB [20220416-13:54:11.118] thr=1   paramiko.transport: [chan 0] Max packet out: 32768 bytes
DEB [20220416-13:54:11.118] thr=1   paramiko.transport: Secsh channel 0 opened.
DEB [20220416-13:54:11.119] thr=1   paramiko.transport: [chan 0] Sesch channel 0 request ok
INF [20220416-13:54:11.120] thr=2   paramiko.transport.sftp: [chan 0] Opened sftp connection (server version 3)
DEB [20220416-13:54:11.125] thr=2   paramiko.transport.sftp: [chan 0] open(b'/tmp/ssh.log', 'wb')
DEB [20220416-13:54:11.126] thr=2   paramiko.transport.sftp: [chan 0] open(b'/tmp/ssh.log', 'wb') -> 00000000
DEB [20220416-13:54:11.129] thr=2   paramiko.transport.sftp: [chan 0] close(00000000)
DEB [20220416-13:54:11.134] thr=2   paramiko.transport.sftp: [chan 0] stat(b'/tmp/ssh.log')
DEB [20220416-13:54:41.212] thr=1   paramiko.transport: starting thread (client mode): 0xaae85460
DEB [20220416-13:54:41.212] thr=1   paramiko.transport: Local version/idstring: SSH-2.0-paramiko_2.7.2
DEB [20220416-13:54:41.214] thr=1   paramiko.transport: Remote version/idstring: SSH-2.0-OpenSSH_7.7
INF [20220416-13:54:41.214] thr=1   paramiko.transport: Connected (version 2.0, client OpenSSH_7.7)
DEB [20220416-13:54:41.215] thr=1   paramiko.transport: kex algos:['curve25519-sha256', 'curve25519-sha256@libssh.org', 'ecdh-sha2-nistp256', 'ecdh-sha2-nistp384', 'ecdh-sha2-nistp521', 'diffie-hellman-group-exchange-sha256', 'diffie-hellman-group16-sha512', 'diffie-hellman-group18-sha512', 'diffie-hellman-group14-sha256', 'diffie-hellman-group14-sha1'] server key:['ssh-rsa', 'rsa-sha2-512', 'rsa-sha2-256', 'ecdsa-sha2-nistp256', 'ssh-ed25519'] client encrypt:['chacha20-poly1305@openssh.com', 'aes128-ctr', 'aes192-ctr', 'aes256-ctr', 'aes128-gcm@openssh.com', 'aes256-gcm@openssh.com'] server encrypt:['chacha20-poly1305@openssh.com', 'aes128-ctr', 'aes192-ctr', 'aes256-ctr', 'aes128-gcm@openssh.com', 'aes256-gcm@openssh.com'] client mac:['umac-64-etm@openssh.com', 'umac-128-etm@openssh.com', 'hmac-sha2-256-etm@openssh.com', 'hmac-sha2-512-etm@openssh.com', 'hmac-sha1-etm@openssh.com', 'umac-64@openssh.com', 'umac-128@openssh.com', 'hmac-sha2-256', 'hmac-sha2-512', 'hmac-sha1'] server mac:['umac-64-etm@openssh.com', 'umac-128-etm@openssh.com', 'hmac-sha2-256-etm@openssh.com', 'hmac-sha2-512-etm@openssh.com', 'hmac-sha1-etm@openssh.com', 'umac-64@openssh.com', 'umac-128@openssh.com', 'hmac-sha2-256', 'hmac-sha2-512', 'hmac-sha1'] client compress:['none', 'zlib@openssh.com'] server compress:['none', 'zlib@openssh.com'] client lang:[''] server lang:[''] kex follows?False
DEB [20220416-13:54:41.216] thr=1   paramiko.transport: Kex agreed: curve25519-sha256@libssh.org
DEB [20220416-13:54:41.216] thr=1   paramiko.transport: HostKey agreed: ssh-ed25519
DEB [20220416-13:54:41.216] thr=1   paramiko.transport: Cipher agreed: aes128-ctr
DEB [20220416-13:54:41.216] thr=1   paramiko.transport: MAC agreed: hmac-sha2-256
DEB [20220416-13:54:41.216] thr=1   paramiko.transport: Compression agreed: none
DEB [20220416-13:54:41.221] thr=1   paramiko.transport: kex engine KexCurve25519 specified hash_algo <built-in function openssl_sha256>
DEB [20220416-13:54:41.222] thr=1   paramiko.transport: Switch to new keys ...
DEB [20220416-13:54:41.222] thr=2   paramiko.transport: Attempting password auth...
DEB [20220416-13:54:41.265] thr=1   paramiko.transport: userauth is OK
INF [20220416-13:54:41.269] thr=1   paramiko.transport: Authentication (password) successful!
DEB [20220416-13:54:41.271] thr=3   paramiko.transport: starting thread (client mode): 0xad3d23a0
DEB [20220416-13:54:41.271] thr=3   paramiko.transport: Local version/idstring: SSH-2.0-paramiko_2.7.2
DEB [20220416-13:54:41.273] thr=3   paramiko.transport: Remote version/idstring: SSH-2.0-OpenSSH_7.7
INF [20220416-13:54:41.273] thr=3   paramiko.transport: Connected (version 2.0, client OpenSSH_7.7)
DEB [20220416-13:54:41.275] thr=3   paramiko.transport: kex algos:['curve25519-sha256', 'curve25519-sha256@libssh.org', 'ecdh-sha2-nistp256', 'ecdh-sha2-nistp384', 'ecdh-sha2-nistp521', 'diffie-hellman-group-exchange-sha256', 'diffie-hellman-group16-sha512', 'diffie-hellman-group18-sha512', 'diffie-hellman-group14-sha256', 'diffie-hellman-group14-sha1'] server key:['ssh-rsa', 'rsa-sha2-512', 'rsa-sha2-256', 'ecdsa-sha2-nistp256', 'ssh-ed25519'] client encrypt:['chacha20-poly1305@openssh.com', 'aes128-ctr', 'aes192-ctr', 'aes256-ctr', 'aes128-gcm@openssh.com', 'aes256-gcm@openssh.com'] server encrypt:['chacha20-poly1305@openssh.com', 'aes128-ctr', 'aes192-ctr', 'aes256-ctr', 'aes128-gcm@openssh.com', 'aes256-gcm@openssh.com'] client mac:['umac-64-etm@openssh.com', 'umac-128-etm@openssh.com', 'hmac-sha2-256-etm@openssh.com', 'hmac-sha2-512-etm@openssh.com', 'hmac-sha1-etm@openssh.com', 'umac-64@openssh.com', 'umac-128@openssh.com', 'hmac-sha2-256', 'hmac-sha2-512', 'hmac-sha1'] server mac:['umac-64-etm@openssh.com', 'umac-128-etm@openssh.com', 'hmac-sha2-256-etm@openssh.com', 'hmac-sha2-512-etm@openssh.com', 'hmac-sha1-etm@openssh.com', 'umac-64@openssh.com', 'umac-128@openssh.com', 'hmac-sha2-256', 'hmac-sha2-512', 'hmac-sha1'] client compress:['none', 'zlib@openssh.com'] server compress:['none', 'zlib@openssh.com'] client lang:[''] server lang:[''] kex follows?False
DEB [20220416-13:54:41.275] thr=3   paramiko.transport: Kex agreed: curve25519-sha256@libssh.org
DEB [20220416-13:54:41.275] thr=3   paramiko.transport: HostKey agreed: ssh-ed25519
DEB [20220416-13:54:41.275] thr=3   paramiko.transport: Cipher agreed: aes128-ctr
DEB [20220416-13:54:41.275] thr=3   paramiko.transport: MAC agreed: hmac-sha2-256
DEB [20220416-13:54:41.275] thr=3   paramiko.transport: Compression agreed: none
DEB [20220416-13:54:41.280] thr=3   paramiko.transport: kex engine KexCurve25519 specified hash_algo <built-in function openssl_sha256>
DEB [20220416-13:54:41.281] thr=3   paramiko.transport: Switch to new keys ...
DEB [20220416-13:54:41.281] thr=2   paramiko.transport: Adding ssh-ed25519 host key for 192.168.64.130: b'e3af0aca1241af066058734df9bdeaa8'
DEB [20220416-13:54:41.321] thr=1   paramiko.transport: Received global request "hostkeys-00@openssh.com"
DEB [20220416-13:54:41.322] thr=1   paramiko.transport: Rejecting "hostkeys-00@openssh.com" global request from server.
DEB [20220416-13:54:41.410] thr=3   paramiko.transport: userauth is OK
INF [20220416-13:54:41.416] thr=3   paramiko.transport: Authentication (password) successful!
DEB [20220416-13:54:41.416] thr=2   paramiko.transport: [chan 0] Max packet in: 32768 bytes
DEB [20220416-13:54:41.417] thr=1   paramiko.transport: [chan 0] Max packet out: 32768 bytes
DEB [20220416-13:54:41.417] thr=1   paramiko.transport: Secsh channel 0 opened.
DEB [20220416-13:54:41.418] thr=1   paramiko.transport: [chan 0] Sesch channel 0 request ok
INF [20220416-13:54:41.419] thr=2   paramiko.transport.sftp: [chan 0] Opened sftp connection (server version 3)
DEB [20220416-13:54:41.424] thr=2   paramiko.transport.sftp: [chan 0] open(b'/tmp/cjw.log', 'wb')
DEB [20220416-13:54:41.426] thr=2   paramiko.transport.sftp: [chan 0] open(b'/tmp/cjw.log', 'wb') -> 00000000
DEB [20220416-13:54:41.432] thr=2   paramiko.transport.sftp: [chan 0] close(00000000)
DEB [20220416-13:54:41.434] thr=2   paramiko.transport.sftp: [chan 0] stat(b'/tmp/cjw.log')
DEB [20220416-13:54:41.436] thr=1   paramiko.transport: EOF in transport thread
DEB [20220416-15:16:17.289] thr=1   paramiko.transport: starting thread (client mode): 0xf5485460
DEB [20220416-15:16:17.289] thr=1   paramiko.transport: Local version/idstring: SSH-2.0-paramiko_2.7.2
DEB [20220416-15:16:17.292] thr=1   paramiko.transport: Remote version/idstring: SSH-2.0-OpenSSH_7.7
INF [20220416-15:16:17.292] thr=1   paramiko.transport: Connected (version 2.0, client OpenSSH_7.7)
DEB [20220416-15:16:17.293] thr=1   paramiko.transport: kex algos:['curve25519-sha256', 'curve25519-sha256@libssh.org', 'ecdh-sha2-nistp256', 'ecdh-sha2-nistp384', 'ecdh-sha2-nistp521', 'diffie-hellman-group-exchange-sha256', 'diffie-hellman-group16-sha512', 'diffie-hellman-group18-sha512', 'diffie-hellman-group14-sha256', 'diffie-hellman-group14-sha1'] server key:['ssh-rsa', 'rsa-sha2-512', 'rsa-sha2-256', 'ecdsa-sha2-nistp256', 'ssh-ed25519'] client encrypt:['chacha20-poly1305@openssh.com', 'aes128-ctr', 'aes192-ctr', 'aes256-ctr', 'aes128-gcm@openssh.com', 'aes256-gcm@openssh.com'] server encrypt:['chacha20-poly1305@openssh.com', 'aes128-ctr', 'aes192-ctr', 'aes256-ctr', 'aes128-gcm@openssh.com', 'aes256-gcm@openssh.com'] client mac:['umac-64-etm@openssh.com', 'umac-128-etm@openssh.com', 'hmac-sha2-256-etm@openssh.com', 'hmac-sha2-512-etm@openssh.com', 'hmac-sha1-etm@openssh.com', 'umac-64@openssh.com', 'umac-128@openssh.com', 'hmac-sha2-256', 'hmac-sha2-512', 'hmac-sha1'] server mac:['umac-64-etm@openssh.com', 'umac-128-etm@openssh.com', 'hmac-sha2-256-etm@openssh.com', 'hmac-sha2-512-etm@openssh.com', 'hmac-sha1-etm@openssh.com', 'umac-64@openssh.com', 'umac-128@openssh.com', 'hmac-sha2-256', 'hmac-sha2-512', 'hmac-sha1'] client compress:['none', 'zlib@openssh.com'] server compress:['none', 'zlib@openssh.com'] client lang:[''] server lang:[''] kex follows?False
DEB [20220416-15:16:17.294] thr=1   paramiko.transport: Kex agreed: curve25519-sha256@libssh.org
DEB [20220416-15:16:17.294] thr=1   paramiko.transport: HostKey agreed: ssh-ed25519
DEB [20220416-15:16:17.294] thr=1   paramiko.transport: Cipher agreed: aes128-ctr
DEB [20220416-15:16:17.294] thr=1   paramiko.transport: MAC agreed: hmac-sha2-256
DEB [20220416-15:16:17.294] thr=1   paramiko.transport: Compression agreed: none
DEB [20220416-15:16:17.303] thr=1   paramiko.transport: kex engine KexCurve25519 specified hash_algo <built-in function openssl_sha256>
DEB [20220416-15:16:17.304] thr=1   paramiko.transport: Switch to new keys ...
DEB [20220416-15:16:17.304] thr=2   paramiko.transport: Attempting password auth...
DEB [20220416-15:16:17.345] thr=1   paramiko.transport: userauth is OK
INF [20220416-15:16:17.349] thr=1   paramiko.transport: Authentication (password) successful!
DEB [20220416-15:16:17.350] thr=3   paramiko.transport: starting thread (client mode): 0xf79c13d0
DEB [20220416-15:16:17.350] thr=3   paramiko.transport: Local version/idstring: SSH-2.0-paramiko_2.7.2
DEB [20220416-15:16:17.352] thr=3   paramiko.transport: Remote version/idstring: SSH-2.0-OpenSSH_7.7
INF [20220416-15:16:17.352] thr=3   paramiko.transport: Connected (version 2.0, client OpenSSH_7.7)
DEB [20220416-15:16:17.353] thr=3   paramiko.transport: kex algos:['curve25519-sha256', 'curve25519-sha256@libssh.org', 'ecdh-sha2-nistp256', 'ecdh-sha2-nistp384', 'ecdh-sha2-nistp521', 'diffie-hellman-group-exchange-sha256', 'diffie-hellman-group16-sha512', 'diffie-hellman-group18-sha512', 'diffie-hellman-group14-sha256', 'diffie-hellman-group14-sha1'] server key:['ssh-rsa', 'rsa-sha2-512', 'rsa-sha2-256', 'ecdsa-sha2-nistp256', 'ssh-ed25519'] client encrypt:['chacha20-poly1305@openssh.com', 'aes128-ctr', 'aes192-ctr', 'aes256-ctr', 'aes128-gcm@openssh.com', 'aes256-gcm@openssh.com'] server encrypt:['chacha20-poly1305@openssh.com', 'aes128-ctr', 'aes192-ctr', 'aes256-ctr', 'aes128-gcm@openssh.com', 'aes256-gcm@openssh.com'] client mac:['umac-64-etm@openssh.com', 'umac-128-etm@openssh.com', 'hmac-sha2-256-etm@openssh.com', 'hmac-sha2-512-etm@openssh.com', 'hmac-sha1-etm@openssh.com', 'umac-64@openssh.com', 'umac-128@openssh.com', 'hmac-sha2-256', 'hmac-sha2-512', 'hmac-sha1'] server mac:['umac-64-etm@openssh.com', 'umac-128-etm@openssh.com', 'hmac-sha2-256-etm@openssh.com', 'hmac-sha2-512-etm@openssh.com', 'hmac-sha1-etm@openssh.com', 'umac-64@openssh.com', 'umac-128@openssh.com', 'hmac-sha2-256', 'hmac-sha2-512', 'hmac-sha1'] client compress:['none', 'zlib@openssh.com'] server compress:['none', 'zlib@openssh.com'] client lang:[''] server lang:[''] kex follows?False
DEB [20220416-15:16:17.353] thr=3   paramiko.transport: Kex agreed: curve25519-sha256@libssh.org
DEB [20220416-15:16:17.353] thr=3   paramiko.transport: HostKey agreed: ssh-ed25519
DEB [20220416-15:16:17.353] thr=3   paramiko.transport: Cipher agreed: aes128-ctr
DEB [20220416-15:16:17.353] thr=3   paramiko.transport: MAC agreed: hmac-sha2-256
DEB [20220416-15:16:17.354] thr=3   paramiko.transport: Compression agreed: none
DEB [20220416-15:16:17.362] thr=3   paramiko.transport: kex engine KexCurve25519 specified hash_algo <built-in function openssl_sha256>
DEB [20220416-15:16:17.362] thr=3   paramiko.transport: Switch to new keys ...
DEB [20220416-15:16:17.362] thr=2   paramiko.transport: Adding ssh-ed25519 host key for 192.168.64.130: b'e3af0aca1241af066058734df9bdeaa8'
DEB [20220416-15:16:17.400] thr=1   paramiko.transport: Received global request "hostkeys-00@openssh.com"
DEB [20220416-15:16:17.400] thr=1   paramiko.transport: Rejecting "hostkeys-00@openssh.com" global request from server.
DEB [20220416-15:16:17.502] thr=3   paramiko.transport: userauth is OK
INF [20220416-15:16:17.506] thr=3   paramiko.transport: Authentication (password) successful!
DEB [20220416-15:16:17.506] thr=2   paramiko.transport: [chan 0] Max packet in: 32768 bytes
DEB [20220416-15:16:17.506] thr=1   paramiko.transport: [chan 0] Max packet out: 32768 bytes
DEB [20220416-15:16:17.506] thr=1   paramiko.transport: Secsh channel 0 opened.
DEB [20220416-15:16:17.507] thr=1   paramiko.transport: [chan 0] Sesch channel 0 request ok
INF [20220416-15:16:17.508] thr=2   paramiko.transport.sftp: [chan 0] Opened sftp connection (server version 3)
DEB [20220416-15:16:17.508] thr=2   paramiko.transport.sftp: [chan 0] stat(b'/tmp/cjw.log')
DEB [20220416-15:16:17.511] thr=2   paramiko.transport.sftp: [chan 0] open(b'/tmp/cjw.log', 'rb')
DEB [20220416-15:16:17.511] thr=2   paramiko.transport.sftp: [chan 0] open(b'/tmp/cjw.log', 'rb') -> 00000000
DEB [20220416-15:16:17.558] thr=3   paramiko.transport: Received global request "hostkeys-00@openssh.com"
DEB [20220416-15:16:17.559] thr=3   paramiko.transport: Rejecting "hostkeys-00@openssh.com" global request from server.
DEB [20220416-15:16:17.563] thr=2   paramiko.transport.sftp: [chan 0] close(00000000)
DEB [20220416-15:18:35.632] thr=1   paramiko.transport: starting thread (client mode): 0x295460
DEB [20220416-15:18:35.632] thr=1   paramiko.transport: Local version/idstring: SSH-2.0-paramiko_2.7.2
DEB [20220416-15:18:35.636] thr=1   paramiko.transport: Remote version/idstring: SSH-2.0-OpenSSH_7.7
INF [20220416-15:18:35.636] thr=1   paramiko.transport: Connected (version 2.0, client OpenSSH_7.7)
DEB [20220416-15:18:35.636] thr=1   paramiko.transport: kex algos:['curve25519-sha256', 'curve25519-sha256@libssh.org', 'ecdh-sha2-nistp256', 'ecdh-sha2-nistp384', 'ecdh-sha2-nistp521', 'diffie-hellman-group-exchange-sha256', 'diffie-hellman-group16-sha512', 'diffie-hellman-group18-sha512', 'diffie-hellman-group14-sha256', 'diffie-hellman-group14-sha1'] server key:['ssh-rsa', 'rsa-sha2-512', 'rsa-sha2-256', 'ecdsa-sha2-nistp256', 'ssh-ed25519'] client encrypt:['chacha20-poly1305@openssh.com', 'aes128-ctr', 'aes192-ctr', 'aes256-ctr', 'aes128-gcm@openssh.com', 'aes256-gcm@openssh.com'] server encrypt:['chacha20-poly1305@openssh.com', 'aes128-ctr', 'aes192-ctr', 'aes256-ctr', 'aes128-gcm@openssh.com', 'aes256-gcm@openssh.com'] client mac:['umac-64-etm@openssh.com', 'umac-128-etm@openssh.com', 'hmac-sha2-256-etm@openssh.com', 'hmac-sha2-512-etm@openssh.com', 'hmac-sha1-etm@openssh.com', 'umac-64@openssh.com', 'umac-128@openssh.com', 'hmac-sha2-256', 'hmac-sha2-512', 'hmac-sha1'] server mac:['umac-64-etm@openssh.com', 'umac-128-etm@openssh.com', 'hmac-sha2-256-etm@openssh.com', 'hmac-sha2-512-etm@openssh.com', 'hmac-sha1-etm@openssh.com', 'umac-64@openssh.com', 'umac-128@openssh.com', 'hmac-sha2-256', 'hmac-sha2-512', 'hmac-sha1'] client compress:['none', 'zlib@openssh.com'] server compress:['none', 'zlib@openssh.com'] client lang:[''] server lang:[''] kex follows?False
DEB [20220416-15:18:35.637] thr=1   paramiko.transport: Kex agreed: curve25519-sha256@libssh.org
DEB [20220416-15:18:35.637] thr=1   paramiko.transport: HostKey agreed: ssh-ed25519
DEB [20220416-15:18:35.637] thr=1   paramiko.transport: Cipher agreed: aes128-ctr
DEB [20220416-15:18:35.637] thr=1   paramiko.transport: MAC agreed: hmac-sha2-256
DEB [20220416-15:18:35.637] thr=1   paramiko.transport: Compression agreed: none
DEB [20220416-15:18:35.646] thr=1   paramiko.transport: kex engine KexCurve25519 specified hash_algo <built-in function openssl_sha256>
DEB [20220416-15:18:35.648] thr=1   paramiko.transport: Switch to new keys ...
DEB [20220416-15:18:35.649] thr=2   paramiko.transport: Attempting password auth...
DEB [20220416-15:18:35.689] thr=1   paramiko.transport: userauth is OK
INF [20220416-15:18:35.693] thr=1   paramiko.transport: Authentication (password) successful!
DEB [20220416-15:18:35.695] thr=3   paramiko.transport: starting thread (client mode): 0x27b2400
DEB [20220416-15:18:35.695] thr=3   paramiko.transport: Local version/idstring: SSH-2.0-paramiko_2.7.2
DEB [20220416-15:18:35.697] thr=3   paramiko.transport: Remote version/idstring: SSH-2.0-OpenSSH_7.7
INF [20220416-15:18:35.697] thr=3   paramiko.transport: Connected (version 2.0, client OpenSSH_7.7)
DEB [20220416-15:18:35.698] thr=3   paramiko.transport: kex algos:['curve25519-sha256', 'curve25519-sha256@libssh.org', 'ecdh-sha2-nistp256', 'ecdh-sha2-nistp384', 'ecdh-sha2-nistp521', 'diffie-hellman-group-exchange-sha256', 'diffie-hellman-group16-sha512', 'diffie-hellman-group18-sha512', 'diffie-hellman-group14-sha256', 'diffie-hellman-group14-sha1'] server key:['ssh-rsa', 'rsa-sha2-512', 'rsa-sha2-256', 'ecdsa-sha2-nistp256', 'ssh-ed25519'] client encrypt:['chacha20-poly1305@openssh.com', 'aes128-ctr', 'aes192-ctr', 'aes256-ctr', 'aes128-gcm@openssh.com', 'aes256-gcm@openssh.com'] server encrypt:['chacha20-poly1305@openssh.com', 'aes128-ctr', 'aes192-ctr', 'aes256-ctr', 'aes128-gcm@openssh.com', 'aes256-gcm@openssh.com'] client mac:['umac-64-etm@openssh.com', 'umac-128-etm@openssh.com', 'hmac-sha2-256-etm@openssh.com', 'hmac-sha2-512-etm@openssh.com', 'hmac-sha1-etm@openssh.com', 'umac-64@openssh.com', 'umac-128@openssh.com', 'hmac-sha2-256', 'hmac-sha2-512', 'hmac-sha1'] server mac:['umac-64-etm@openssh.com', 'umac-128-etm@openssh.com', 'hmac-sha2-256-etm@openssh.com', 'hmac-sha2-512-etm@openssh.com', 'hmac-sha1-etm@openssh.com', 'umac-64@openssh.com', 'umac-128@openssh.com', 'hmac-sha2-256', 'hmac-sha2-512', 'hmac-sha1'] client compress:['none', 'zlib@openssh.com'] server compress:['none', 'zlib@openssh.com'] client lang:[''] server lang:[''] kex follows?False
DEB [20220416-15:18:35.698] thr=3   paramiko.transport: Kex agreed: curve25519-sha256@libssh.org
DEB [20220416-15:18:35.698] thr=3   paramiko.transport: HostKey agreed: ssh-ed25519
DEB [20220416-15:18:35.698] thr=3   paramiko.transport: Cipher agreed: aes128-ctr
DEB [20220416-15:18:35.698] thr=3   paramiko.transport: MAC agreed: hmac-sha2-256
DEB [20220416-15:18:35.698] thr=3   paramiko.transport: Compression agreed: none
DEB [20220416-15:18:35.704] thr=3   paramiko.transport: kex engine KexCurve25519 specified hash_algo <built-in function openssl_sha256>
DEB [20220416-15:18:35.704] thr=3   paramiko.transport: Switch to new keys ...
DEB [20220416-15:18:35.704] thr=2   paramiko.transport: Adding ssh-ed25519 host key for 192.168.64.130: b'e3af0aca1241af066058734df9bdeaa8'
DEB [20220416-15:18:35.736] thr=1   paramiko.transport: Received global request "hostkeys-00@openssh.com"
DEB [20220416-15:18:35.737] thr=1   paramiko.transport: Rejecting "hostkeys-00@openssh.com" global request from server.
DEB [20220416-15:18:35.844] thr=3   paramiko.transport: userauth is OK
INF [20220416-15:18:35.848] thr=3   paramiko.transport: Authentication (password) successful!
DEB [20220416-15:18:35.849] thr=2   paramiko.transport: [chan 0] Max packet in: 32768 bytes
DEB [20220416-15:18:35.850] thr=1   paramiko.transport: [chan 0] Max packet out: 32768 bytes
DEB [20220416-15:18:35.850] thr=1   paramiko.transport: Secsh channel 0 opened.
DEB [20220416-15:18:35.852] thr=1   paramiko.transport: [chan 0] Sesch channel 0 request ok
INF [20220416-15:18:35.852] thr=2   paramiko.transport.sftp: [chan 0] Opened sftp connection (server version 3)
DEB [20220416-15:18:35.853] thr=2   paramiko.transport.sftp: [chan 0] stat(b'/tmp/cjw.log')
DEB [20220416-15:18:35.853] thr=2   paramiko.transport.sftp: [chan 0] open(b'/tmp/cjw.log', 'rb')
DEB [20220416-15:18:35.854] thr=2   paramiko.transport.sftp: [chan 0] open(b'/tmp/cjw.log', 'rb') -> 00000000
DEB [20220416-15:18:35.895] thr=3   paramiko.transport: Received global request "hostkeys-00@openssh.com"
DEB [20220416-15:18:35.895] thr=3   paramiko.transport: Rejecting "hostkeys-00@openssh.com" global request from server.
DEB [20220416-15:18:35.900] thr=2   paramiko.transport.sftp: [chan 0] close(00000000)
DEB [20220416-15:18:35.902] thr=1   paramiko.transport: EOF in transport thread
DEB [20220416-15:19:58.034] thr=1   paramiko.transport: starting thread (client mode): 0x9f6e8b20
DEB [20220416-15:19:58.034] thr=1   paramiko.transport: Local version/idstring: SSH-2.0-paramiko_2.7.2
DEB [20220416-15:19:58.036] thr=1   paramiko.transport: Remote version/idstring: SSH-2.0-OpenSSH_7.7
INF [20220416-15:19:58.036] thr=1   paramiko.transport: Connected (version 2.0, client OpenSSH_7.7)
DEB [20220416-15:19:58.037] thr=1   paramiko.transport: kex algos:['curve25519-sha256', 'curve25519-sha256@libssh.org', 'ecdh-sha2-nistp256', 'ecdh-sha2-nistp384', 'ecdh-sha2-nistp521', 'diffie-hellman-group-exchange-sha256', 'diffie-hellman-group16-sha512', 'diffie-hellman-group18-sha512', 'diffie-hellman-group14-sha256', 'diffie-hellman-group14-sha1'] server key:['ssh-rsa', 'rsa-sha2-512', 'rsa-sha2-256', 'ecdsa-sha2-nistp256', 'ssh-ed25519'] client encrypt:['chacha20-poly1305@openssh.com', 'aes128-ctr', 'aes192-ctr', 'aes256-ctr', 'aes128-gcm@openssh.com', 'aes256-gcm@openssh.com'] server encrypt:['chacha20-poly1305@openssh.com', 'aes128-ctr', 'aes192-ctr', 'aes256-ctr', 'aes128-gcm@openssh.com', 'aes256-gcm@openssh.com'] client mac:['umac-64-etm@openssh.com', 'umac-128-etm@openssh.com', 'hmac-sha2-256-etm@openssh.com', 'hmac-sha2-512-etm@openssh.com', 'hmac-sha1-etm@openssh.com', 'umac-64@openssh.com', 'umac-128@openssh.com', 'hmac-sha2-256', 'hmac-sha2-512', 'hmac-sha1'] server mac:['umac-64-etm@openssh.com', 'umac-128-etm@openssh.com', 'hmac-sha2-256-etm@openssh.com', 'hmac-sha2-512-etm@openssh.com', 'hmac-sha1-etm@openssh.com', 'umac-64@openssh.com', 'umac-128@openssh.com', 'hmac-sha2-256', 'hmac-sha2-512', 'hmac-sha1'] client compress:['none', 'zlib@openssh.com'] server compress:['none', 'zlib@openssh.com'] client lang:[''] server lang:[''] kex follows?False
DEB [20220416-15:19:58.037] thr=1   paramiko.transport: Kex agreed: curve25519-sha256@libssh.org
DEB [20220416-15:19:58.037] thr=1   paramiko.transport: HostKey agreed: ssh-ed25519
DEB [20220416-15:19:58.037] thr=1   paramiko.transport: Cipher agreed: aes128-ctr
DEB [20220416-15:19:58.037] thr=1   paramiko.transport: MAC agreed: hmac-sha2-256
DEB [20220416-15:19:58.037] thr=1   paramiko.transport: Compression agreed: none
DEB [20220416-15:19:58.043] thr=1   paramiko.transport: kex engine KexCurve25519 specified hash_algo <built-in function openssl_sha256>
DEB [20220416-15:19:58.044] thr=1   paramiko.transport: Switch to new keys ...
DEB [20220416-15:19:58.044] thr=2   paramiko.transport: Attempting password auth...
DEB [20220416-15:19:58.086] thr=1   paramiko.transport: userauth is OK
INF [20220416-15:19:58.091] thr=1   paramiko.transport: Authentication (password) successful!
DEB [20220416-15:19:58.092] thr=3   paramiko.transport: starting thread (client mode): 0xa1be13d0
DEB [20220416-15:19:58.092] thr=3   paramiko.transport: Local version/idstring: SSH-2.0-paramiko_2.7.2
DEB [20220416-15:19:58.095] thr=3   paramiko.transport: Remote version/idstring: SSH-2.0-OpenSSH_7.7
INF [20220416-15:19:58.095] thr=3   paramiko.transport: Connected (version 2.0, client OpenSSH_7.7)
DEB [20220416-15:19:58.095] thr=3   paramiko.transport: kex algos:['curve25519-sha256', 'curve25519-sha256@libssh.org', 'ecdh-sha2-nistp256', 'ecdh-sha2-nistp384', 'ecdh-sha2-nistp521', 'diffie-hellman-group-exchange-sha256', 'diffie-hellman-group16-sha512', 'diffie-hellman-group18-sha512', 'diffie-hellman-group14-sha256', 'diffie-hellman-group14-sha1'] server key:['ssh-rsa', 'rsa-sha2-512', 'rsa-sha2-256', 'ecdsa-sha2-nistp256', 'ssh-ed25519'] client encrypt:['chacha20-poly1305@openssh.com', 'aes128-ctr', 'aes192-ctr', 'aes256-ctr', 'aes128-gcm@openssh.com', 'aes256-gcm@openssh.com'] server encrypt:['chacha20-poly1305@openssh.com', 'aes128-ctr', 'aes192-ctr', 'aes256-ctr', 'aes128-gcm@openssh.com', 'aes256-gcm@openssh.com'] client mac:['umac-64-etm@openssh.com', 'umac-128-etm@openssh.com', 'hmac-sha2-256-etm@openssh.com', 'hmac-sha2-512-etm@openssh.com', 'hmac-sha1-etm@openssh.com', 'umac-64@openssh.com', 'umac-128@openssh.com', 'hmac-sha2-256', 'hmac-sha2-512', 'hmac-sha1'] server mac:['umac-64-etm@openssh.com', 'umac-128-etm@openssh.com', 'hmac-sha2-256-etm@openssh.com', 'hmac-sha2-512-etm@openssh.com', 'hmac-sha1-etm@openssh.com', 'umac-64@openssh.com', 'umac-128@openssh.com', 'hmac-sha2-256', 'hmac-sha2-512', 'hmac-sha1'] client compress:['none', 'zlib@openssh.com'] server compress:['none', 'zlib@openssh.com'] client lang:[''] server lang:[''] kex follows?False
DEB [20220416-15:19:58.096] thr=3   paramiko.transport: Kex agreed: curve25519-sha256@libssh.org
DEB [20220416-15:19:58.096] thr=3   paramiko.transport: HostKey agreed: ssh-ed25519
DEB [20220416-15:19:58.096] thr=3   paramiko.transport: Cipher agreed: aes128-ctr
DEB [20220416-15:19:58.096] thr=3   paramiko.transport: MAC agreed: hmac-sha2-256
DEB [20220416-15:19:58.096] thr=3   paramiko.transport: Compression agreed: none
DEB [20220416-15:19:58.101] thr=3   paramiko.transport: kex engine KexCurve25519 specified hash_algo <built-in function openssl_sha256>
DEB [20220416-15:19:58.102] thr=3   paramiko.transport: Switch to new keys ...
DEB [20220416-15:19:58.102] thr=2   paramiko.transport: Adding ssh-ed25519 host key for 192.168.64.130: b'e3af0aca1241af066058734df9bdeaa8'
DEB [20220416-15:19:58.132] thr=1   paramiko.transport: Received global request "hostkeys-00@openssh.com"
DEB [20220416-15:19:58.132] thr=1   paramiko.transport: Rejecting "hostkeys-00@openssh.com" global request from server.
DEB [20220416-15:19:58.231] thr=3   paramiko.transport: userauth is OK
INF [20220416-15:19:58.235] thr=3   paramiko.transport: Authentication (password) successful!
DEB [20220416-15:19:58.236] thr=2   paramiko.transport: [chan 0] Max packet in: 32768 bytes
DEB [20220416-15:19:58.236] thr=1   paramiko.transport: [chan 0] Max packet out: 32768 bytes
DEB [20220416-15:19:58.237] thr=1   paramiko.transport: Secsh channel 0 opened.
DEB [20220416-15:19:58.237] thr=1   paramiko.transport: [chan 0] Sesch channel 0 request ok
INF [20220416-15:19:58.238] thr=2   paramiko.transport.sftp: [chan 0] Opened sftp connection (server version 3)
DEB [20220416-15:19:58.239] thr=2   paramiko.transport.sftp: [chan 0] stat(b'/tmp/cjw.log')
DEB [20220416-15:19:58.240] thr=2   paramiko.transport.sftp: [chan 0] open(b'/tmp/cjw.log', 'rb')
DEB [20220416-15:19:58.240] thr=2   paramiko.transport.sftp: [chan 0] open(b'/tmp/cjw.log', 'rb') -> 00000000
DEB [20220416-15:19:58.290] thr=3   paramiko.transport: Received global request "hostkeys-00@openssh.com"
DEB [20220416-15:19:58.290] thr=3   paramiko.transport: Rejecting "hostkeys-00@openssh.com" global request from server.
DEB [20220416-15:19:58.292] thr=2   paramiko.transport.sftp: [chan 0] close(00000000)
DEB [20220416-15:20:18.169] thr=1   paramiko.transport: starting thread (client mode): 0x87f35460
DEB [20220416-15:20:18.170] thr=1   paramiko.transport: Local version/idstring: SSH-2.0-paramiko_2.7.2
DEB [20220416-15:20:18.171] thr=1   paramiko.transport: Remote version/idstring: SSH-2.0-OpenSSH_7.7
INF [20220416-15:20:18.171] thr=1   paramiko.transport: Connected (version 2.0, client OpenSSH_7.7)
DEB [20220416-15:20:18.172] thr=1   paramiko.transport: kex algos:['curve25519-sha256', 'curve25519-sha256@libssh.org', 'ecdh-sha2-nistp256', 'ecdh-sha2-nistp384', 'ecdh-sha2-nistp521', 'diffie-hellman-group-exchange-sha256', 'diffie-hellman-group16-sha512', 'diffie-hellman-group18-sha512', 'diffie-hellman-group14-sha256', 'diffie-hellman-group14-sha1'] server key:['ssh-rsa', 'rsa-sha2-512', 'rsa-sha2-256', 'ecdsa-sha2-nistp256', 'ssh-ed25519'] client encrypt:['chacha20-poly1305@openssh.com', 'aes128-ctr', 'aes192-ctr', 'aes256-ctr', 'aes128-gcm@openssh.com', 'aes256-gcm@openssh.com'] server encrypt:['chacha20-poly1305@openssh.com', 'aes128-ctr', 'aes192-ctr', 'aes256-ctr', 'aes128-gcm@openssh.com', 'aes256-gcm@openssh.com'] client mac:['umac-64-etm@openssh.com', 'umac-128-etm@openssh.com', 'hmac-sha2-256-etm@openssh.com', 'hmac-sha2-512-etm@openssh.com', 'hmac-sha1-etm@openssh.com', 'umac-64@openssh.com', 'umac-128@openssh.com', 'hmac-sha2-256', 'hmac-sha2-512', 'hmac-sha1'] server mac:['umac-64-etm@openssh.com', 'umac-128-etm@openssh.com', 'hmac-sha2-256-etm@openssh.com', 'hmac-sha2-512-etm@openssh.com', 'hmac-sha1-etm@openssh.com', 'umac-64@openssh.com', 'umac-128@openssh.com', 'hmac-sha2-256', 'hmac-sha2-512', 'hmac-sha1'] client compress:['none', 'zlib@openssh.com'] server compress:['none', 'zlib@openssh.com'] client lang:[''] server lang:[''] kex follows?False
DEB [20220416-15:20:18.172] thr=1   paramiko.transport: Kex agreed: curve25519-sha256@libssh.org
DEB [20220416-15:20:18.172] thr=1   paramiko.transport: HostKey agreed: ssh-ed25519
DEB [20220416-15:20:18.172] thr=1   paramiko.transport: Cipher agreed: aes128-ctr
DEB [20220416-15:20:18.172] thr=1   paramiko.transport: MAC agreed: hmac-sha2-256
DEB [20220416-15:20:18.172] thr=1   paramiko.transport: Compression agreed: none
DEB [20220416-15:20:18.177] thr=1   paramiko.transport: kex engine KexCurve25519 specified hash_algo <built-in function openssl_sha256>
DEB [20220416-15:20:18.179] thr=1   paramiko.transport: Switch to new keys ...
DEB [20220416-15:20:18.180] thr=2   paramiko.transport: Attempting password auth...
DEB [20220416-15:20:18.219] thr=1   paramiko.transport: userauth is OK
INF [20220416-15:20:18.223] thr=1   paramiko.transport: Authentication (password) successful!
DEB [20220416-15:20:18.225] thr=3   paramiko.transport: starting thread (client mode): 0x8a4613d0
DEB [20220416-15:20:18.225] thr=3   paramiko.transport: Local version/idstring: SSH-2.0-paramiko_2.7.2
DEB [20220416-15:20:18.228] thr=3   paramiko.transport: Remote version/idstring: SSH-2.0-OpenSSH_7.7
INF [20220416-15:20:18.228] thr=3   paramiko.transport: Connected (version 2.0, client OpenSSH_7.7)
DEB [20220416-15:20:18.228] thr=3   paramiko.transport: kex algos:['curve25519-sha256', 'curve25519-sha256@libssh.org', 'ecdh-sha2-nistp256', 'ecdh-sha2-nistp384', 'ecdh-sha2-nistp521', 'diffie-hellman-group-exchange-sha256', 'diffie-hellman-group16-sha512', 'diffie-hellman-group18-sha512', 'diffie-hellman-group14-sha256', 'diffie-hellman-group14-sha1'] server key:['ssh-rsa', 'rsa-sha2-512', 'rsa-sha2-256', 'ecdsa-sha2-nistp256', 'ssh-ed25519'] client encrypt:['chacha20-poly1305@openssh.com', 'aes128-ctr', 'aes192-ctr', 'aes256-ctr', 'aes128-gcm@openssh.com', 'aes256-gcm@openssh.com'] server encrypt:['chacha20-poly1305@openssh.com', 'aes128-ctr', 'aes192-ctr', 'aes256-ctr', 'aes128-gcm@openssh.com', 'aes256-gcm@openssh.com'] client mac:['umac-64-etm@openssh.com', 'umac-128-etm@openssh.com', 'hmac-sha2-256-etm@openssh.com', 'hmac-sha2-512-etm@openssh.com', 'hmac-sha1-etm@openssh.com', 'umac-64@openssh.com', 'umac-128@openssh.com', 'hmac-sha2-256', 'hmac-sha2-512', 'hmac-sha1'] server mac:['umac-64-etm@openssh.com', 'umac-128-etm@openssh.com', 'hmac-sha2-256-etm@openssh.com', 'hmac-sha2-512-etm@openssh.com', 'hmac-sha1-etm@openssh.com', 'umac-64@openssh.com', 'umac-128@openssh.com', 'hmac-sha2-256', 'hmac-sha2-512', 'hmac-sha1'] client compress:['none', 'zlib@openssh.com'] server compress:['none', 'zlib@openssh.com'] client lang:[''] server lang:[''] kex follows?False
DEB [20220416-15:20:18.228] thr=3   paramiko.transport: Kex agreed: curve25519-sha256@libssh.org
DEB [20220416-15:20:18.229] thr=3   paramiko.transport: HostKey agreed: ssh-ed25519
DEB [20220416-15:20:18.229] thr=3   paramiko.transport: Cipher agreed: aes128-ctr
DEB [20220416-15:20:18.229] thr=3   paramiko.transport: MAC agreed: hmac-sha2-256
DEB [20220416-15:20:18.229] thr=3   paramiko.transport: Compression agreed: none
DEB [20220416-15:20:18.234] thr=3   paramiko.transport: kex engine KexCurve25519 specified hash_algo <built-in function openssl_sha256>
DEB [20220416-15:20:18.234] thr=3   paramiko.transport: Switch to new keys ...
DEB [20220416-15:20:18.234] thr=2   paramiko.transport: Adding ssh-ed25519 host key for 192.168.64.130: b'e3af0aca1241af066058734df9bdeaa8'
DEB [20220416-15:20:18.273] thr=1   paramiko.transport: Received global request "hostkeys-00@openssh.com"
DEB [20220416-15:20:18.273] thr=1   paramiko.transport: Rejecting "hostkeys-00@openssh.com" global request from server.
DEB [20220416-15:20:18.363] thr=3   paramiko.transport: userauth is OK
INF [20220416-15:20:18.368] thr=3   paramiko.transport: Authentication (password) successful!
DEB [20220416-15:20:18.368] thr=2   paramiko.transport: [chan 0] Max packet in: 32768 bytes
DEB [20220416-15:20:18.369] thr=1   paramiko.transport: [chan 0] Max packet out: 32768 bytes
DEB [20220416-15:20:18.369] thr=1   paramiko.transport: Secsh channel 0 opened.
DEB [20220416-15:20:18.370] thr=1   paramiko.transport: [chan 0] Sesch channel 0 request ok
INF [20220416-15:20:18.371] thr=2   paramiko.transport.sftp: [chan 0] Opened sftp connection (server version 3)
DEB [20220416-15:20:18.372] thr=2   paramiko.transport.sftp: [chan 0] stat(b'/bin')
DEB [20220416-15:20:18.372] thr=2   paramiko.transport.sftp: [chan 0] open(b'/bin', 'rb')
DEB [20220416-15:20:18.373] thr=2   paramiko.transport.sftp: [chan 0] open(b'/bin', 'rb') -> 00000000
DEB [20220416-15:20:18.374] thr=2   paramiko.transport.sftp: [chan 0] close(00000000)
DEB [20220416-15:20:18.417] thr=3   paramiko.transport: Received global request "hostkeys-00@openssh.com"
DEB [20220416-15:20:18.417] thr=3   paramiko.transport: Rejecting "hostkeys-00@openssh.com" global request from server.
DEB [20220416-15:20:18.426] thr=1   paramiko.transport: EOF in transport thread
DEB [20220416-15:20:18.426] thr=3   paramiko.transport: EOF in transport thread
